create learner network...
create target network...
0 250
       0                 train-samples: 250.000
       0           train-bellman-error: 5.362
       0                 train-epsilon: 1.000

1 500
2 750
3 1000
4 1250
5 1500
6 1750
7 2000
    2000               val-mean_reward: -10.000

8 2250
9 2500
10 2750
11 3000
12 3250
13 3500
14 3750
15 4000
    4000               val-mean_reward: -10.000

16 4250
17 4500
18 4750
19 5000
20 5250
21 5500
22 5750
23 6000
    6000               val-mean_reward: 65.000

24 6250
25 6500
26 6750
27 7000
28 7250
29 7500
30 7750
31 8000
    8000               val-mean_reward: -10.000

32 8250
33 8500
34 8750
35 9000
36 9250
37 9500
38 9750
39 10000
   10000               val-mean_reward: 14.000

40 10250
41 10500
42 10750
43 11000
44 11250
45 11500
46 11750
47 12000
   12000               val-mean_reward: -10.000

48 12250
49 12500
50 12750
51 13000
52 13250
53 13500
54 13750
55 14000
   14000               val-mean_reward: -50.000

56 14250
57 14500
58 14750
59 15000
60 15250
61 15500
62 15750
63 16000
   16000               val-mean_reward: -5.000

64 16250
65 16500
66 16750
67 17000
68 17250
69 17500
70 17750
71 18000
   18000               val-mean_reward: -10.000

72 18250
73 18500
74 18750
75 19000
76 19250
77 19500
78 19750
79 20000
   20000               val-mean_reward: -50.000

80 20250
81 20500
82 20750
83 21000
84 21250
85 21500
86 21750
87 22000
   22000               val-mean_reward: -10.000

88 22250
89 22500
90 22750
91 23000
92 23250
93 23500
94 23750
95 24000
   24000               val-mean_reward: -10.000

96 24250
97 24500
98 24750
99 25000
100 25250
     100                 train-samples: 25250.000
     100           train-bellman-error: 4.664
     100                 train-epsilon: 0.964

101 25500
102 25750
103 26000
   26000               val-mean_reward: -10.000

104 26250
105 26500
106 26750
107 27000
108 27250
109 27500
110 27750
111 28000
   28000               val-mean_reward: -10.000

112 28250
113 28500
114 28750
115 29000
116 29250
117 29500
118 29750
119 30000
   30000               val-mean_reward: -50.000

120 30250
121 30500
122 30750
123 31000
124 31250
125 31500
126 31750
127 32000
   32000               val-mean_reward: -10.000

128 32250
129 32500
130 32750
131 33000
132 33250
133 33500
134 33750
135 34000
   34000               val-mean_reward: -50.000

136 34250
137 34500
138 34750
139 35000
140 35250
141 35500
142 35750
143 36000
   36000               val-mean_reward: -10.000

144 36250
145 36500
146 36750
147 37000
148 37250
149 37500
150 37750
151 38000
   38000               val-mean_reward: -10.000

152 38250
153 38500
154 38750
155 39000
156 39250
157 39500
158 39750
159 40000
   40000               val-mean_reward: 61.000

160 40250
161 40500
162 40750
163 41000
164 41250
165 41500
166 41750
167 42000
   42000               val-mean_reward: -10.000

168 42250
169 42500
170 42750
171 43000
172 43250
173 43500
174 43750
175 44000
   44000               val-mean_reward: 231.000

176 44250
177 44500
178 44750
179 45000
180 45250
181 45500
182 45750
183 46000
   46000               val-mean_reward: -10.000

184 46250
185 46500
186 46750
187 47000
188 47250
189 47500
190 47750
191 48000
   48000               val-mean_reward: -50.000

192 48250
193 48500
194 48750
195 49000
196 49250
197 49500
198 49750
199 50000
   50000               val-mean_reward: 231.000

200 50250
     200                 train-samples: 50250.000
     200           train-bellman-error: 4.675
     200                 train-epsilon: 0.928

201 50500
202 50750
203 51000
204 51250
205 51500
206 51750
207 52000
   52000               val-mean_reward: -10.000

208 52250
209 52500
210 52750
211 53000
212 53250
213 53500
214 53750
215 54000
   54000               val-mean_reward: 231.000

216 54250
217 54500
218 54750
219 55000
220 55250
221 55500
222 55750
223 56000
   56000               val-mean_reward: -10.000

224 56250
225 56500
226 56750
227 57000
228 57250
229 57500
230 57750
231 58000
   58000               val-mean_reward: -10.000

232 58250
233 58500
234 58750
235 59000
236 59250
237 59500
238 59750
239 60000
   60000               val-mean_reward: -10.000

240 60250
241 60500
242 60750
243 61000
244 61250
245 61500
246 61750
247 62000
   62000               val-mean_reward: -50.000

248 62250
249 62500
250 62750
251 63000
252 63250
253 63500
254 63750
255 64000
   64000               val-mean_reward: -10.000

256 64250
257 64500
258 64750
259 65000
260 65250
261 65500
262 65750
263 66000
   66000               val-mean_reward: -10.000

264 66250
265 66500
266 66750
267 67000
268 67250
269 67500
270 67750
271 68000
   68000               val-mean_reward: 65.000

272 68250
273 68500
274 68750
275 69000
276 69250
277 69500
278 69750
279 70000
   70000               val-mean_reward: -10.000

280 70250
281 70500
282 70750
283 71000
284 71250
285 71500
286 71750
287 72000
   72000               val-mean_reward: -10.000

288 72250
289 72500
290 72750
291 73000
292 73250
293 73500
294 73750
295 74000
   74000               val-mean_reward: -10.000

296 74250
297 74500
298 74750
299 75000
300 75250
     300                 train-samples: 75250.000
     300           train-bellman-error: 4.664
     300                 train-epsilon: 0.892

301 75500
302 75750
303 76000
   76000               val-mean_reward: 65.000

304 76250
305 76500
306 76750
307 77000
308 77250
309 77500
310 77750
311 78000
   78000               val-mean_reward: 487.000

312 78250
313 78500
314 78750
315 79000
316 79250
317 79500
318 79750
319 80000
   80000               val-mean_reward: -10.000

320 80250
321 80500
322 80750
323 81000
324 81250
325 81500
326 81750
327 82000
   82000               val-mean_reward: -10.000

328 82250
329 82500
330 82750
331 83000
332 83250
333 83500
334 83750
335 84000
   84000               val-mean_reward: 61.000

336 84250
337 84500
338 84750
339 85000
340 85250
341 85500
342 85750
343 86000
   86000               val-mean_reward: -10.000

344 86250
345 86500
346 86750
347 87000
348 87250
349 87500
350 87750
351 88000
   88000               val-mean_reward: 14.000

352 88250
353 88500
354 88750
355 89000
356 89250
357 89500
358 89750
359 90000
   90000               val-mean_reward: -10.000

360 90250
361 90500
362 90750
363 91000
364 91250
365 91500
366 91750
367 92000
   92000               val-mean_reward: 250.000

368 92250
369 92500
370 92750
371 93000
372 93250
373 93500
374 93750
375 94000
   94000               val-mean_reward: -10.000

376 94250
377 94500
378 94750
379 95000
380 95250
381 95500
382 95750
383 96000
   96000               val-mean_reward: 14.000

384 96250
385 96500
386 96750
387 97000
388 97250
389 97500
390 97750
391 98000
   98000               val-mean_reward: -50.000

392 98250
393 98500
394 98750
395 99000
396 99250
397 99500
398 99750
399 100000
  100000               val-mean_reward: -10.000

400 100250
     400                 train-samples: 100250.000
     400           train-bellman-error: 4.671
     400                 train-epsilon: 0.856

401 100500
402 100750
403 101000
404 101250
405 101500
406 101750
407 102000
  102000               val-mean_reward: 275.000

408 102250
409 102500
410 102750
411 103000
412 103250
413 103500
414 103750
415 104000
  104000               val-mean_reward: -10.000

416 104250
417 104500
418 104750
419 105000
420 105250
421 105500
422 105750
423 106000
  106000               val-mean_reward: 94.000

424 106250
425 106500
426 106750
427 107000
428 107250
429 107500
430 107750
431 108000
  108000               val-mean_reward: -10.000

432 108250
433 108500
434 108750
435 109000
436 109250
437 109500
438 109750
439 110000
  110000               val-mean_reward: -10.000

440 110250
441 110500
442 110750
443 111000
444 111250
445 111500
446 111750
447 112000
  112000               val-mean_reward: 136.000

448 112250
449 112500
450 112750
451 113000
452 113250
453 113500
454 113750
455 114000
  114000               val-mean_reward: 65.000

456 114250
457 114500
458 114750
459 115000
460 115250
461 115500
462 115750
463 116000
  116000               val-mean_reward: -10.000

464 116250
465 116500
466 116750
467 117000
468 117250
469 117500
470 117750
471 118000
  118000               val-mean_reward: 65.000

472 118250
473 118500
474 118750
475 119000
476 119250
477 119500
478 119750
479 120000
  120000               val-mean_reward: -10.000

480 120250
481 120500
482 120750
483 121000
484 121250
485 121500
486 121750
487 122000
  122000               val-mean_reward: 231.000

488 122250
489 122500
490 122750
491 123000
492 123250
493 123500
494 123750
495 124000
  124000               val-mean_reward: -10.000

496 124250
497 124500
498 124750
499 125000
500 125250
     500                 train-samples: 125250.000
     500           train-bellman-error: 4.706
     500                 train-epsilon: 0.820

501 125500
502 125750
503 126000
  126000               val-mean_reward: -10.000

504 126250
505 126500
506 126750
507 127000
508 127250
509 127500
510 127750
511 128000
  128000               val-mean_reward: -10.000

512 128250
513 128500
514 128750
515 129000
516 129250
517 129500
518 129750
519 130000
  130000               val-mean_reward: -50.000

520 130250
521 130500
522 130750
523 131000
524 131250
525 131500
526 131750
527 132000
  132000               val-mean_reward: -10.000

528 132250
529 132500
530 132750
531 133000
532 133250
533 133500
534 133750
535 134000
  134000               val-mean_reward: 65.000

536 134250
537 134500
538 134750
539 135000
540 135250
541 135500
542 135750
543 136000
  136000               val-mean_reward: -10.000

544 136250
545 136500
546 136750
547 137000
548 137250
549 137500
550 137750
551 138000
  138000               val-mean_reward: -10.000

552 138250
553 138500
554 138750
555 139000
556 139250
557 139500
558 139750
559 140000
  140000               val-mean_reward: 65.000

560 140250
561 140500
562 140750
563 141000
564 141250
565 141500
566 141750
567 142000
  142000               val-mean_reward: -10.000

568 142250
569 142500
570 142750
571 143000
572 143250
573 143500
574 143750
575 144000
  144000               val-mean_reward: -10.000

576 144250
577 144500
578 144750
579 145000
580 145250
581 145500
582 145750
583 146000
  146000               val-mean_reward: -10.000

584 146250
585 146500
586 146750
587 147000
588 147250
589 147500
590 147750
591 148000
  148000               val-mean_reward: -50.000

592 148250
593 148500
594 148750
595 149000
596 149250
597 149500
598 149750
599 150000
  150000               val-mean_reward: -10.000

600 150250
     600                 train-samples: 150250.000
     600           train-bellman-error: 4.697
     600                 train-epsilon: 0.784

601 150500
602 150750
603 151000
604 151250
605 151500
606 151750
607 152000
  152000               val-mean_reward: -50.000

608 152250
609 152500
610 152750
611 153000
612 153250
613 153500
614 153750
615 154000
  154000               val-mean_reward: -50.000

616 154250
617 154500
618 154750
619 155000
620 155250
621 155500
622 155750
623 156000
  156000               val-mean_reward: -10.000

624 156250
625 156500
626 156750
627 157000
628 157250
629 157500
630 157750
631 158000
  158000               val-mean_reward: -10.000

632 158250
633 158500
634 158750
635 159000
636 159250
637 159500
638 159750
639 160000
  160000               val-mean_reward: 61.000

640 160250
641 160500
642 160750
643 161000
644 161250
645 161500
646 161750
647 162000
  162000               val-mean_reward: 14.000

648 162250
649 162500
650 162750
651 163000
652 163250
653 163500
654 163750
655 164000
  164000               val-mean_reward: 14.000

656 164250
657 164500
658 164750
659 165000
660 165250
661 165500
662 165750
663 166000
  166000               val-mean_reward: -10.000

664 166250
665 166500
666 166750
667 167000
668 167250
669 167500
670 167750
671 168000
  168000               val-mean_reward: 61.000

672 168250
673 168500
674 168750
675 169000
676 169250
677 169500
678 169750
679 170000
  170000               val-mean_reward: 487.000

680 170250
681 170500
682 170750
683 171000
684 171250
685 171500
686 171750
687 172000
  172000               val-mean_reward: 275.000

688 172250
689 172500
690 172750
691 173000
692 173250
693 173500
694 173750
695 174000
  174000               val-mean_reward: -50.000

696 174250
697 174500
698 174750
699 175000
700 175250
     700                 train-samples: 175250.000
     700           train-bellman-error: 4.647
     700                 train-epsilon: 0.748

701 175500
702 175750
703 176000
  176000               val-mean_reward: -10.000

704 176250
705 176500
706 176750
707 177000
708 177250
709 177500
710 177750
711 178000
  178000               val-mean_reward: 250.000

712 178250
713 178500
714 178750
715 179000
716 179250
717 179500
718 179750
719 180000
  180000               val-mean_reward: 65.000

720 180250
721 180500
722 180750
723 181000
724 181250
725 181500
726 181750
727 182000
  182000               val-mean_reward: -10.000

728 182250
729 182500
730 182750
731 183000
732 183250
733 183500
734 183750
735 184000
  184000               val-mean_reward: -10.000

736 184250
737 184500
738 184750
739 185000
740 185250
741 185500
742 185750
743 186000
  186000               val-mean_reward: 275.000

744 186250
745 186500
746 186750
747 187000
748 187250
749 187500
750 187750
751 188000
  188000               val-mean_reward: -10.000

752 188250
753 188500
754 188750
755 189000
756 189250
757 189500
758 189750
759 190000
  190000               val-mean_reward: -10.000

760 190250
761 190500
762 190750
763 191000
764 191250
765 191500
766 191750
767 192000
  192000               val-mean_reward: -10.000

768 192250
769 192500
770 192750
771 193000
772 193250
773 193500
774 193750
775 194000
  194000               val-mean_reward: 275.000

776 194250
777 194500
778 194750
779 195000
780 195250
781 195500
782 195750
783 196000
  196000               val-mean_reward: -10.000

784 196250
785 196500
786 196750
787 197000
788 197250
789 197500
790 197750
791 198000
  198000               val-mean_reward: -10.000

792 198250
793 198500
794 198750
795 199000
796 199250
797 199500
798 199750
799 200000
  200000               val-mean_reward: -10.000

800 200250
     800                 train-samples: 200250.000
     800           train-bellman-error: 4.647
     800                 train-epsilon: 0.712

801 200500
802 200750
803 201000
804 201250
805 201500
806 201750
807 202000
  202000               val-mean_reward: 231.000

808 202250
809 202500
810 202750
811 203000
812 203250
813 203500
814 203750
815 204000
  204000               val-mean_reward: -10.000

816 204250
817 204500
818 204750
819 205000
820 205250
821 205500
822 205750
823 206000
  206000               val-mean_reward: -10.000

824 206250
825 206500
826 206750
827 207000
828 207250
829 207500
830 207750
831 208000
  208000               val-mean_reward: -10.000

832 208250
833 208500
834 208750
835 209000
836 209250
837 209500
838 209750
839 210000
  210000               val-mean_reward: -10.000

840 210250
841 210500
842 210750
843 211000
844 211250
845 211500
846 211750
847 212000
  212000               val-mean_reward: -10.000

848 212250
849 212500
850 212750
851 213000
852 213250
853 213500
854 213750
855 214000
  214000               val-mean_reward: -10.000

856 214250
857 214500
858 214750
859 215000
860 215250
861 215500
862 215750
863 216000
  216000               val-mean_reward: 65.000

864 216250
865 216500
866 216750
867 217000
868 217250
869 217500
870 217750
871 218000
  218000               val-mean_reward: -10.000

872 218250
873 218500
874 218750
875 219000
876 219250
877 219500
878 219750
879 220000
  220000               val-mean_reward: -10.000

880 220250
881 220500
882 220750
883 221000
884 221250
885 221500
886 221750
887 222000
  222000               val-mean_reward: -10.000

888 222250
889 222500
890 222750
891 223000
892 223250
893 223500
894 223750
895 224000
  224000               val-mean_reward: -10.000

896 224250
897 224500
898 224750
899 225000
900 225250
     900                 train-samples: 225250.000
     900           train-bellman-error: 4.688
     900                 train-epsilon: 0.676

901 225500
902 225750
903 226000
  226000               val-mean_reward: 275.000

904 226250
905 226500
906 226750
907 227000
908 227250
909 227500
910 227750
911 228000
  228000               val-mean_reward: 400.000

912 228250
913 228500
914 228750
915 229000
916 229250
917 229500
918 229750
919 230000
  230000               val-mean_reward: -10.000

920 230250
921 230500
922 230750
923 231000
924 231250
925 231500
926 231750
927 232000
  232000               val-mean_reward: 231.000

928 232250
929 232500
930 232750
931 233000
932 233250
933 233500
934 233750
935 234000
  234000               val-mean_reward: -10.000

936 234250
937 234500
938 234750
939 235000
940 235250
941 235500
942 235750
943 236000
  236000               val-mean_reward: -50.000

944 236250
945 236500
946 236750
947 237000
948 237250
949 237500
950 237750
951 238000
  238000               val-mean_reward: -10.000

952 238250
953 238500
954 238750
955 239000
956 239250
957 239500
958 239750
959 240000
  240000               val-mean_reward: 55.000

960 240250
961 240500
962 240750
963 241000
964 241250
965 241500
966 241750
967 242000
  242000               val-mean_reward: -10.000

968 242250
969 242500
970 242750
971 243000
972 243250
973 243500
974 243750
975 244000
  244000               val-mean_reward: 231.000

976 244250
977 244500
978 244750
979 245000
980 245250
981 245500
982 245750
983 246000
  246000               val-mean_reward: -10.000

984 246250
985 246500
986 246750
987 247000
988 247250
989 247500
990 247750
991 248000
  248000               val-mean_reward: -10.000

992 248250
993 248500
994 248750
995 249000
996 249250
997 249500
998 249750
999 250000
  250000               val-mean_reward: -10.000

1000 250250
    1000                 train-samples: 250250.000
    1000           train-bellman-error: 4.887
    1000                 train-epsilon: 0.640

1001 250500
1002 250750
1003 251000
1004 251250
1005 251500
1006 251750
1007 252000
  252000               val-mean_reward: 400.000

1008 252250
1009 252500
1010 252750
1011 253000
1012 253250
1013 253500
1014 253750
1015 254000
  254000               val-mean_reward: -10.000

1016 254250
1017 254500
1018 254750
1019 255000
1020 255250
1021 255500
1022 255750
1023 256000
  256000               val-mean_reward: 275.000

1024 256250
1025 256500
1026 256750
1027 257000
1028 257250
1029 257500
1030 257750
1031 258000
  258000               val-mean_reward: -10.000

1032 258250
1033 258500
1034 258750
1035 259000
1036 259250
1037 259500
1038 259750
1039 260000
  260000               val-mean_reward: -50.000

1040 260250
1041 260500
1042 260750
1043 261000
1044 261250
1045 261500
1046 261750
1047 262000
  262000               val-mean_reward: -10.000

1048 262250
1049 262500
1050 262750
1051 263000
1052 263250
1053 263500
1054 263750
1055 264000
  264000               val-mean_reward: -10.000

1056 264250
1057 264500
1058 264750
1059 265000
1060 265250
1061 265500
1062 265750
1063 266000
  266000               val-mean_reward: 61.000

1064 266250
1065 266500
1066 266750
1067 267000
1068 267250
1069 267500
1070 267750
1071 268000
  268000               val-mean_reward: -50.000

1072 268250
1073 268500
1074 268750
1075 269000
1076 269250
1077 269500
1078 269750
1079 270000
  270000               val-mean_reward: -50.000

1080 270250
1081 270500
1082 270750
1083 271000
1084 271250
1085 271500
1086 271750
1087 272000
  272000               val-mean_reward: -50.000

1088 272250
1089 272500
1090 272750
1091 273000
1092 273250
1093 273500
1094 273750
1095 274000
  274000               val-mean_reward: 65.000

1096 274250
1097 274500
1098 274750
1099 275000
1100 275250
    1100                 train-samples: 275250.000
    1100           train-bellman-error: 4.647
    1100                 train-epsilon: 0.604

1101 275500
1102 275750
1103 276000
  276000               val-mean_reward: 231.000

1104 276250
1105 276500
1106 276750
1107 277000
1108 277250
1109 277500
1110 277750
1111 278000
  278000               val-mean_reward: 61.000

1112 278250
1113 278500
1114 278750
1115 279000
1116 279250
1117 279500
1118 279750
1119 280000
  280000               val-mean_reward: -10.000

1120 280250
1121 280500
1122 280750
1123 281000
1124 281250
1125 281500
1126 281750
1127 282000
  282000               val-mean_reward: -10.000

1128 282250
1129 282500
1130 282750
1131 283000
1132 283250
1133 283500
1134 283750
1135 284000
  284000               val-mean_reward: -10.000

1136 284250
1137 284500
1138 284750
1139 285000
1140 285250
1141 285500
1142 285750
1143 286000
  286000               val-mean_reward: 231.000

1144 286250
1145 286500
1146 286750
1147 287000
1148 287250
1149 287500
1150 287750
1151 288000
  288000               val-mean_reward: -10.000

1152 288250
1153 288500
1154 288750
1155 289000
1156 289250
1157 289500
1158 289750
1159 290000
  290000               val-mean_reward: 61.000

1160 290250
1161 290500
1162 290750
1163 291000
1164 291250
1165 291500
1166 291750
1167 292000
  292000               val-mean_reward: -10.000

1168 292250
1169 292500
1170 292750
1171 293000
1172 293250
1173 293500
1174 293750
1175 294000
  294000               val-mean_reward: -10.000

1176 294250
1177 294500
1178 294750
1179 295000
1180 295250
1181 295500
1182 295750
1183 296000
  296000               val-mean_reward: 61.000

1184 296250
1185 296500
1186 296750
1187 297000
1188 297250
1189 297500
1190 297750
1191 298000
  298000               val-mean_reward: -50.000

1192 298250
1193 298500
1194 298750
1195 299000
1196 299250
1197 299500
1198 299750
1199 300000
  300000               val-mean_reward: 231.000

1200 300250
    1200                 train-samples: 300250.000
    1200           train-bellman-error: 4.747
    1200                 train-epsilon: 0.568

1201 300500
1202 300750
1203 301000
1204 301250
1205 301500
1206 301750
1207 302000
  302000               val-mean_reward: -10.000

1208 302250
1209 302500
1210 302750
1211 303000
1212 303250
1213 303500
1214 303750
1215 304000
  304000               val-mean_reward: -50.000

1216 304250
1217 304500
1218 304750
1219 305000
1220 305250
1221 305500
1222 305750
1223 306000
  306000               val-mean_reward: 65.000

1224 306250
1225 306500
1226 306750
1227 307000
1228 307250
1229 307500
1230 307750
1231 308000
  308000               val-mean_reward: -50.000

1232 308250
1233 308500
1234 308750
1235 309000
1236 309250
1237 309500
1238 309750
1239 310000
  310000               val-mean_reward: -10.000

1240 310250
1241 310500
1242 310750
1243 311000
1244 311250
1245 311500
1246 311750
1247 312000
  312000               val-mean_reward: 14.000

1248 312250
1249 312500
1250 312750
1251 313000
1252 313250
1253 313500
1254 313750
1255 314000
  314000               val-mean_reward: 400.000

1256 314250
1257 314500
1258 314750
1259 315000
1260 315250
1261 315500
1262 315750
1263 316000
  316000               val-mean_reward: -10.000

1264 316250
1265 316500
1266 316750
1267 317000
1268 317250
1269 317500
1270 317750
1271 318000
  318000               val-mean_reward: 61.000

1272 318250
1273 318500
1274 318750
1275 319000
1276 319250
1277 319500
1278 319750
1279 320000
  320000               val-mean_reward: -10.000

1280 320250
1281 320500
1282 320750
1283 321000
1284 321250
1285 321500
1286 321750
1287 322000
  322000               val-mean_reward: -10.000

1288 322250
1289 322500
1290 322750
1291 323000
1292 323250
1293 323500
1294 323750
1295 324000
  324000               val-mean_reward: -10.000

1296 324250
1297 324500
1298 324750
1299 325000
1300 325250
    1300                 train-samples: 325250.000
    1300           train-bellman-error: 4.650
    1300                 train-epsilon: 0.532

1301 325500
1302 325750
1303 326000
  326000               val-mean_reward: 231.000

1304 326250
1305 326500
1306 326750
1307 327000
1308 327250
1309 327500
1310 327750
1311 328000
  328000               val-mean_reward: 14.000

1312 328250
1313 328500
1314 328750
1315 329000
1316 329250
1317 329500
1318 329750
1319 330000
  330000               val-mean_reward: 487.000

1320 330250
1321 330500
1322 330750
1323 331000
1324 331250
1325 331500
1326 331750
1327 332000
  332000               val-mean_reward: 400.000

1328 332250
1329 332500
1330 332750
1331 333000
1332 333250
1333 333500
1334 333750
1335 334000
  334000               val-mean_reward: -10.000

1336 334250
1337 334500
1338 334750
1339 335000
1340 335250
1341 335500
1342 335750
1343 336000
  336000               val-mean_reward: -10.000

1344 336250
1345 336500
1346 336750
1347 337000
1348 337250
1349 337500
1350 337750
1351 338000
  338000               val-mean_reward: -10.000

1352 338250
1353 338500
1354 338750
1355 339000
1356 339250
1357 339500
1358 339750
1359 340000
  340000               val-mean_reward: -10.000

1360 340250
1361 340500
1362 340750
1363 341000
1364 341250
1365 341500
1366 341750
1367 342000
  342000               val-mean_reward: 231.000

1368 342250
1369 342500
1370 342750
1371 343000
1372 343250
1373 343500
1374 343750
1375 344000
  344000               val-mean_reward: -10.000

1376 344250
1377 344500
1378 344750
1379 345000
1380 345250
1381 345500
1382 345750
1383 346000
  346000               val-mean_reward: -50.000

1384 346250
1385 346500
1386 346750
1387 347000
1388 347250
1389 347500
1390 347750
1391 348000
  348000               val-mean_reward: -10.000

1392 348250
1393 348500
1394 348750
1395 349000
1396 349250
1397 349500
1398 349750
1399 350000
  350000               val-mean_reward: 14.000

1400 350250
    1400                 train-samples: 350250.000
    1400           train-bellman-error: 4.835
    1400                 train-epsilon: 0.496

1401 350500
1402 350750
1403 351000
1404 351250
1405 351500
1406 351750
1407 352000
  352000               val-mean_reward: -10.000

1408 352250
1409 352500
1410 352750
1411 353000
1412 353250
1413 353500
1414 353750
1415 354000
  354000               val-mean_reward: -10.000

1416 354250
1417 354500
1418 354750
1419 355000
1420 355250
1421 355500
1422 355750
1423 356000
  356000               val-mean_reward: -50.000

1424 356250
1425 356500
1426 356750
1427 357000
1428 357250
1429 357500
1430 357750
1431 358000
  358000               val-mean_reward: 65.000

1432 358250
1433 358500
1434 358750
1435 359000
1436 359250
1437 359500
1438 359750
1439 360000
  360000               val-mean_reward: 231.000

1440 360250
1441 360500
1442 360750
1443 361000
1444 361250
1445 361500
1446 361750
1447 362000
  362000               val-mean_reward: 61.000

1448 362250
1449 362500
1450 362750
1451 363000
1452 363250
1453 363500
1454 363750
1455 364000
  364000               val-mean_reward: 275.000

1456 364250
1457 364500
1458 364750
1459 365000
1460 365250
1461 365500
1462 365750
1463 366000
  366000               val-mean_reward: 275.000

1464 366250
1465 366500
1466 366750
1467 367000
1468 367250
1469 367500
1470 367750
1471 368000
  368000               val-mean_reward: 275.000

1472 368250
1473 368500
1474 368750
1475 369000
1476 369250
1477 369500
1478 369750
1479 370000
  370000               val-mean_reward: -10.000

1480 370250
1481 370500
1482 370750
1483 371000
1484 371250
1485 371500
1486 371750
1487 372000
  372000               val-mean_reward: -10.000

1488 372250
1489 372500
1490 372750
1491 373000
1492 373250
1493 373500
1494 373750
1495 374000
  374000               val-mean_reward: -10.000

1496 374250
1497 374500
1498 374750
1499 375000
1500 375250
    1500                 train-samples: 375250.000
    1500           train-bellman-error: 4.674
    1500                 train-epsilon: 0.460

1501 375500
1502 375750
1503 376000
  376000               val-mean_reward: 231.000

1504 376250
1505 376500
1506 376750
1507 377000
1508 377250
1509 377500
1510 377750
1511 378000
  378000               val-mean_reward: -10.000

1512 378250
1513 378500
1514 378750
1515 379000
1516 379250
1517 379500
1518 379750
1519 380000
  380000               val-mean_reward: -10.000

1520 380250
1521 380500
1522 380750
1523 381000
1524 381250
1525 381500
1526 381750
1527 382000
  382000               val-mean_reward: 231.000

1528 382250
1529 382500
1530 382750
1531 383000
1532 383250
1533 383500
1534 383750
1535 384000
  384000               val-mean_reward: 252.000

1536 384250
1537 384500
1538 384750
1539 385000
1540 385250
1541 385500
1542 385750
1543 386000
  386000               val-mean_reward: -10.000

1544 386250
1545 386500
1546 386750
1547 387000
1548 387250
1549 387500
1550 387750
1551 388000
  388000               val-mean_reward: 252.000

1552 388250
1553 388500
1554 388750
1555 389000
1556 389250
1557 389500
1558 389750
1559 390000
  390000               val-mean_reward: 231.000

1560 390250
1561 390500
1562 390750
1563 391000
1564 391250
1565 391500
1566 391750
1567 392000
  392000               val-mean_reward: -10.000

1568 392250
1569 392500
1570 392750
1571 393000
1572 393250
1573 393500
1574 393750
1575 394000
  394000               val-mean_reward: -10.000

1576 394250
1577 394500
1578 394750
1579 395000
1580 395250
1581 395500
1582 395750
1583 396000
  396000               val-mean_reward: -10.000

1584 396250
1585 396500
1586 396750
1587 397000
1588 397250
1589 397500
1590 397750
1591 398000
  398000               val-mean_reward: -10.000

1592 398250
1593 398500
1594 398750
1595 399000
1596 399250
1597 399500
1598 399750
1599 400000
  400000               val-mean_reward: 14.000

1600 400250
    1600                 train-samples: 400250.000
    1600           train-bellman-error: 4.854
    1600                 train-epsilon: 0.424

1601 400500
1602 400750
1603 401000
1604 401250
1605 401500
1606 401750
1607 402000
  402000               val-mean_reward: -10.000

1608 402250
1609 402500
1610 402750
1611 403000
1612 403250
1613 403500
1614 403750
1615 404000
  404000               val-mean_reward: -50.000

1616 404250
1617 404500
1618 404750
1619 405000
1620 405250
1621 405500
1622 405750
1623 406000
  406000               val-mean_reward: 275.000

1624 406250
1625 406500
1626 406750
1627 407000
1628 407250
1629 407500
1630 407750
1631 408000
  408000               val-mean_reward: 231.000

1632 408250
1633 408500
1634 408750
1635 409000
1636 409250
1637 409500
1638 409750
1639 410000
  410000               val-mean_reward: 252.000

1640 410250
1641 410500
1642 410750
1643 411000
1644 411250
1645 411500
1646 411750
1647 412000
  412000               val-mean_reward: -10.000

1648 412250
1649 412500
1650 412750
1651 413000
1652 413250
1653 413500
1654 413750
1655 414000
  414000               val-mean_reward: 14.000

1656 414250
1657 414500
1658 414750
1659 415000
1660 415250
1661 415500
1662 415750
1663 416000
  416000               val-mean_reward: -50.000

1664 416250
1665 416500
1666 416750
1667 417000
1668 417250
1669 417500
1670 417750
1671 418000
  418000               val-mean_reward: -50.000

1672 418250
1673 418500
1674 418750
1675 419000
1676 419250
1677 419500
1678 419750
1679 420000
  420000               val-mean_reward: 65.000

1680 420250
1681 420500
1682 420750
1683 421000
1684 421250
1685 421500
1686 421750
1687 422000
  422000               val-mean_reward: -10.000

1688 422250
1689 422500
1690 422750
1691 423000
1692 423250
1693 423500
1694 423750
1695 424000
  424000               val-mean_reward: 275.000

1696 424250
1697 424500
1698 424750
1699 425000
1700 425250
    1700                 train-samples: 425250.000
    1700           train-bellman-error: 4.986
    1700                 train-epsilon: 0.388

1701 425500
1702 425750
1703 426000
  426000               val-mean_reward: -10.000

1704 426250
1705 426500
1706 426750
1707 427000
1708 427250
1709 427500
1710 427750
1711 428000
  428000               val-mean_reward: 487.000

1712 428250
1713 428500
1714 428750
1715 429000
1716 429250
1717 429500
1718 429750
1719 430000
  430000               val-mean_reward: -10.000

1720 430250
1721 430500
1722 430750
1723 431000
1724 431250
1725 431500
1726 431750
1727 432000
  432000               val-mean_reward: -50.000

1728 432250
1729 432500
1730 432750
1731 433000
1732 433250
1733 433500
1734 433750
1735 434000
  434000               val-mean_reward: -10.000

1736 434250
1737 434500
1738 434750
1739 435000
1740 435250
1741 435500
1742 435750
1743 436000
  436000               val-mean_reward: 65.000

1744 436250
1745 436500
1746 436750
1747 437000
1748 437250
1749 437500
1750 437750
1751 438000
  438000               val-mean_reward: 14.000

1752 438250
1753 438500
1754 438750
1755 439000
1756 439250
1757 439500
1758 439750
1759 440000
  440000               val-mean_reward: 487.000

1760 440250
1761 440500
1762 440750
1763 441000
1764 441250
1765 441500
1766 441750
1767 442000
  442000               val-mean_reward: 14.000

1768 442250
1769 442500
1770 442750
1771 443000
1772 443250
1773 443500
1774 443750
1775 444000
  444000               val-mean_reward: -10.000

1776 444250
1777 444500
1778 444750
1779 445000
1780 445250
1781 445500
1782 445750
1783 446000
  446000               val-mean_reward: -50.000

1784 446250
1785 446500
1786 446750
1787 447000
1788 447250
1789 447500
1790 447750
1791 448000
  448000               val-mean_reward: -10.000

1792 448250
1793 448500
1794 448750
1795 449000
1796 449250
1797 449500
1798 449750
1799 450000
  450000               val-mean_reward: 487.000

1800 450250
    1800                 train-samples: 450250.000
    1800           train-bellman-error: 4.711
    1800                 train-epsilon: 0.352

1801 450500
1802 450750
1803 451000
1804 451250
1805 451500
1806 451750
1807 452000
  452000               val-mean_reward: -10.000

1808 452250
1809 452500
1810 452750
1811 453000
1812 453250
1813 453500
1814 453750
1815 454000
  454000               val-mean_reward: 275.000

1816 454250
1817 454500
1818 454750
1819 455000
1820 455250
1821 455500
1822 455750
1823 456000
  456000               val-mean_reward: -10.000

1824 456250
1825 456500
1826 456750
1827 457000
1828 457250
1829 457500
1830 457750
1831 458000
  458000               val-mean_reward: 65.000

1832 458250
1833 458500
1834 458750
1835 459000
1836 459250
1837 459500
1838 459750
1839 460000
  460000               val-mean_reward: -50.000

1840 460250
1841 460500
1842 460750
1843 461000
1844 461250
1845 461500
1846 461750
1847 462000
  462000               val-mean_reward: 252.000

1848 462250
1849 462500
1850 462750
1851 463000
1852 463250
1853 463500
1854 463750
1855 464000
  464000               val-mean_reward: -10.000

1856 464250
1857 464500
1858 464750
1859 465000
1860 465250
1861 465500
1862 465750
1863 466000
  466000               val-mean_reward: -50.000

1864 466250
1865 466500
1866 466750
1867 467000
1868 467250
1869 467500
1870 467750
1871 468000
  468000               val-mean_reward: -50.000

1872 468250
1873 468500
1874 468750
1875 469000
1876 469250
1877 469500
1878 469750
1879 470000
  470000               val-mean_reward: 14.000

1880 470250
1881 470500
1882 470750
1883 471000
1884 471250
1885 471500
1886 471750
1887 472000
  472000               val-mean_reward: -10.000

1888 472250
1889 472500
1890 472750
1891 473000
1892 473250
1893 473500
1894 473750
1895 474000
  474000               val-mean_reward: 231.000

1896 474250
1897 474500
1898 474750
1899 475000
1900 475250
    1900                 train-samples: 475250.000
    1900           train-bellman-error: 4.778
    1900                 train-epsilon: 0.316

1901 475500
1902 475750
1903 476000
  476000               val-mean_reward: 14.000

1904 476250
1905 476500
1906 476750
1907 477000
1908 477250
1909 477500
1910 477750
1911 478000
  478000               val-mean_reward: 231.000

1912 478250
1913 478500
1914 478750
1915 479000
1916 479250
1917 479500
1918 479750
1919 480000
  480000               val-mean_reward: 14.000

1920 480250
1921 480500
1922 480750
1923 481000
1924 481250
1925 481500
1926 481750
1927 482000
  482000               val-mean_reward: 65.000

1928 482250
1929 482500
1930 482750
1931 483000
1932 483250
1933 483500
1934 483750
1935 484000
  484000               val-mean_reward: 65.000

1936 484250
1937 484500
1938 484750
1939 485000
1940 485250
1941 485500
1942 485750
1943 486000
  486000               val-mean_reward: -10.000

1944 486250
1945 486500
1946 486750
1947 487000
1948 487250
1949 487500
1950 487750
1951 488000
  488000               val-mean_reward: -10.000

1952 488250
1953 488500
1954 488750
1955 489000
1956 489250
1957 489500
1958 489750
1959 490000
  490000               val-mean_reward: -10.000

1960 490250
1961 490500
1962 490750
1963 491000
1964 491250
1965 491500
1966 491750
1967 492000
  492000               val-mean_reward: -10.000

1968 492250
1969 492500
1970 492750
1971 493000
1972 493250
1973 493500
1974 493750
1975 494000
  494000               val-mean_reward: -10.000

1976 494250
1977 494500
1978 494750
1979 495000
1980 495250
1981 495500
1982 495750
1983 496000
  496000               val-mean_reward: 487.000

1984 496250
1985 496500
1986 496750
1987 497000
1988 497250
1989 497500
1990 497750
1991 498000
  498000               val-mean_reward: -50.000

1992 498250
1993 498500
1994 498750
1995 499000
1996 499250
1997 499500
1998 499750
1999 500000
  500000               val-mean_reward: 112.000

2000 500250
    2000                 train-samples: 500250.000
    2000           train-bellman-error: 4.847
    2000                 train-epsilon: 0.280

2001 500500
2002 500750
2003 501000
2004 501250
2005 501500
2006 501750
2007 502000
  502000               val-mean_reward: 90.000

2008 502250
2009 502500
2010 502750
2011 503000
2012 503250
2013 503500
2014 503750
2015 504000
  504000               val-mean_reward: 61.000

2016 504250
2017 504500
2018 504750
2019 505000
2020 505250
2021 505500
2022 505750
2023 506000
  506000               val-mean_reward: -10.000

2024 506250
2025 506500
2026 506750
2027 507000
2028 507250
2029 507500
2030 507750
2031 508000
  508000               val-mean_reward: 14.000

2032 508250
2033 508500
2034 508750
2035 509000
2036 509250
2037 509500
2038 509750
2039 510000
  510000               val-mean_reward: -10.000

2040 510250
2041 510500
2042 510750
2043 511000
2044 511250
2045 511500
2046 511750
2047 512000
  512000               val-mean_reward: -10.000

2048 512250
2049 512500
2050 512750
2051 513000
2052 513250
2053 513500
2054 513750
2055 514000
  514000               val-mean_reward: 487.000

2056 514250
2057 514500
2058 514750
2059 515000
2060 515250
2061 515500
2062 515750
2063 516000
  516000               val-mean_reward: 487.000

2064 516250
2065 516500
2066 516750
2067 517000
2068 517250
2069 517500
2070 517750
2071 518000
  518000               val-mean_reward: 231.000

2072 518250
2073 518500
2074 518750
2075 519000
2076 519250
2077 519500
2078 519750
2079 520000
  520000               val-mean_reward: 231.000

2080 520250
2081 520500
2082 520750
2083 521000
2084 521250
2085 521500
2086 521750
2087 522000
  522000               val-mean_reward: -50.000

2088 522250
2089 522500
2090 522750
2091 523000
2092 523250
2093 523500
2094 523750
2095 524000
  524000               val-mean_reward: -10.000

2096 524250
2097 524500
2098 524750
2099 525000
2100 525250
    2100                 train-samples: 525250.000
    2100           train-bellman-error: 4.824
    2100                 train-epsilon: 0.244

2101 525500
2102 525750
2103 526000
  526000               val-mean_reward: 61.000

2104 526250
2105 526500
2106 526750
2107 527000
2108 527250
2109 527500
2110 527750
2111 528000
  528000               val-mean_reward: -10.000

2112 528250
2113 528500
2114 528750
2115 529000
2116 529250
2117 529500
2118 529750
2119 530000
  530000               val-mean_reward: -10.000

2120 530250
2121 530500
2122 530750
2123 531000
2124 531250
2125 531500
2126 531750
2127 532000
  532000               val-mean_reward: -10.000

2128 532250
2129 532500
2130 532750
2131 533000
2132 533250
2133 533500
2134 533750
2135 534000
  534000               val-mean_reward: -10.000

2136 534250
2137 534500
2138 534750
2139 535000
2140 535250
2141 535500
2142 535750
2143 536000
  536000               val-mean_reward: -10.000

2144 536250
2145 536500
2146 536750
2147 537000
2148 537250
2149 537500
2150 537750
2151 538000
  538000               val-mean_reward: -10.000

2152 538250
2153 538500
2154 538750
2155 539000
2156 539250
2157 539500
2158 539750
2159 540000
  540000               val-mean_reward: 275.000

2160 540250
2161 540500
2162 540750
2163 541000
2164 541250
2165 541500
2166 541750
2167 542000
  542000               val-mean_reward: 65.000

2168 542250
2169 542500
2170 542750
2171 543000
2172 543250
2173 543500
2174 543750
2175 544000
  544000               val-mean_reward: -10.000

2176 544250
2177 544500
2178 544750
2179 545000
2180 545250
2181 545500
2182 545750
2183 546000
  546000               val-mean_reward: -10.000

2184 546250
2185 546500
2186 546750
2187 547000
2188 547250
2189 547500
2190 547750
2191 548000
  548000               val-mean_reward: -50.000

2192 548250
2193 548500
2194 548750
2195 549000
2196 549250
2197 549500
2198 549750
2199 550000
  550000               val-mean_reward: 14.000

2200 550250
    2200                 train-samples: 550250.000
    2200           train-bellman-error: 4.869
    2200                 train-epsilon: 0.208

2201 550500
2202 550750
2203 551000
2204 551250
2205 551500
2206 551750
2207 552000
  552000               val-mean_reward: -50.000

2208 552250
2209 552500
2210 552750
2211 553000
2212 553250
2213 553500
2214 553750
2215 554000
  554000               val-mean_reward: 231.000

2216 554250
2217 554500
2218 554750
2219 555000
2220 555250
2221 555500
2222 555750
2223 556000
  556000               val-mean_reward: -10.000

2224 556250
2225 556500
2226 556750
2227 557000
2228 557250
2229 557500
2230 557750
2231 558000
  558000               val-mean_reward: 61.000

2232 558250
2233 558500
2234 558750
2235 559000
2236 559250
2237 559500
2238 559750
2239 560000
  560000               val-mean_reward: -10.000

2240 560250
2241 560500
2242 560750
2243 561000
2244 561250
2245 561500
2246 561750
2247 562000
  562000               val-mean_reward: -50.000

2248 562250
2249 562500
2250 562750
2251 563000
2252 563250
2253 563500
2254 563750
2255 564000
  564000               val-mean_reward: -10.000

2256 564250
2257 564500
2258 564750
2259 565000
2260 565250
2261 565500
2262 565750
2263 566000
  566000               val-mean_reward: 250.000

2264 566250
2265 566500
2266 566750
2267 567000
2268 567250
2269 567500
2270 567750
2271 568000
  568000               val-mean_reward: -10.000

2272 568250
2273 568500
2274 568750
2275 569000
2276 569250
2277 569500
2278 569750
2279 570000
  570000               val-mean_reward: -10.000

2280 570250
2281 570500
2282 570750
2283 571000
2284 571250
2285 571500
2286 571750
2287 572000
  572000               val-mean_reward: -10.000

2288 572250
2289 572500
2290 572750
2291 573000
2292 573250
2293 573500
2294 573750
2295 574000
  574000               val-mean_reward: 14.000

2296 574250
2297 574500
2298 574750
2299 575000
2300 575250
    2300                 train-samples: 575250.000
    2300           train-bellman-error: 4.681
    2300                 train-epsilon: 0.172

2301 575500
2302 575750
2303 576000
  576000               val-mean_reward: -10.000

2304 576250
2305 576500
2306 576750
2307 577000
2308 577250
2309 577500
2310 577750
2311 578000
  578000               val-mean_reward: 65.000

2312 578250
2313 578500
2314 578750
2315 579000
2316 579250
2317 579500
2318 579750
2319 580000
  580000               val-mean_reward: -10.000

2320 580250
2321 580500
2322 580750
2323 581000
2324 581250
2325 581500
2326 581750
2327 582000
  582000               val-mean_reward: -50.000

2328 582250
2329 582500
2330 582750
2331 583000
2332 583250
2333 583500
2334 583750
2335 584000
  584000               val-mean_reward: -10.000

2336 584250
2337 584500
2338 584750
2339 585000
2340 585250
2341 585500
2342 585750
2343 586000
  586000               val-mean_reward: -10.000

2344 586250
2345 586500
2346 586750
2347 587000
2348 587250
2349 587500
2350 587750
2351 588000
  588000               val-mean_reward: -50.000

2352 588250
2353 588500
2354 588750
2355 589000
2356 589250
2357 589500
2358 589750
2359 590000
  590000               val-mean_reward: 468.000

2360 590250
2361 590500
2362 590750
2363 591000
2364 591250
2365 591500
2366 591750
2367 592000
  592000               val-mean_reward: 14.000

2368 592250
2369 592500
2370 592750
2371 593000
2372 593250
2373 593500
2374 593750
2375 594000
  594000               val-mean_reward: -10.000

2376 594250
2377 594500
2378 594750
2379 595000
2380 595250
2381 595500
2382 595750
2383 596000
  596000               val-mean_reward: -10.000

2384 596250
2385 596500
2386 596750
2387 597000
2388 597250
2389 597500
2390 597750
2391 598000
  598000               val-mean_reward: -10.000

2392 598250
2393 598500
2394 598750
2395 599000
2396 599250
2397 599500
2398 599750
2399 600000
  600000               val-mean_reward: 487.000

2400 600250
    2400                 train-samples: 600250.000
    2400           train-bellman-error: 4.927
    2400                 train-epsilon: 0.136

2401 600500
2402 600750
2403 601000
2404 601250
2405 601500
2406 601750
2407 602000
  602000               val-mean_reward: -10.000

2408 602250
2409 602500
2410 602750
2411 603000
2412 603250
2413 603500
2414 603750
2415 604000
  604000               val-mean_reward: 65.000

2416 604250
2417 604500
2418 604750
2419 605000
2420 605250
2421 605500
2422 605750
2423 606000
  606000               val-mean_reward: -10.000

2424 606250
2425 606500
2426 606750
2427 607000
2428 607250
2429 607500
2430 607750
2431 608000
  608000               val-mean_reward: 275.000

2432 608250
2433 608500
2434 608750
2435 609000
2436 609250
2437 609500
2438 609750
2439 610000
  610000               val-mean_reward: 275.000

2440 610250
2441 610500
2442 610750
2443 611000
2444 611250
2445 611500
2446 611750
2447 612000
  612000               val-mean_reward: 61.000

2448 612250
2449 612500
2450 612750
2451 613000
2452 613250
2453 613500
2454 613750
2455 614000
  614000               val-mean_reward: -50.000

2456 614250
2457 614500
2458 614750
2459 615000
2460 615250
2461 615500
2462 615750
2463 616000
  616000               val-mean_reward: -10.000

2464 616250
2465 616500
2466 616750
2467 617000
2468 617250
2469 617500
2470 617750
2471 618000
  618000               val-mean_reward: -10.000

2472 618250
2473 618500
2474 618750
2475 619000
2476 619250
2477 619500
2478 619750
2479 620000
  620000               val-mean_reward: -50.000

2480 620250
2481 620500
2482 620750
2483 621000
2484 621250
2485 621500
2486 621750
2487 622000
  622000               val-mean_reward: -10.000

2488 622250
2489 622500
2490 622750
2491 623000
2492 623250
2493 623500
2494 623750
2495 624000
  624000               val-mean_reward: -10.000

2496 624250
2497 624500
2498 624750
2499 625000
2500 625250
    2500                 train-samples: 625250.000
    2500           train-bellman-error: 4.761
    2500                 train-epsilon: 0.100

2501 625500
2502 625750
2503 626000
  626000               val-mean_reward: 231.000

2504 626250
2505 626500
2506 626750
2507 627000
2508 627250
2509 627500
2510 627750
2511 628000
  628000               val-mean_reward: -50.000

2512 628250
2513 628500
2514 628750
2515 629000
2516 629250
2517 629500
2518 629750
2519 630000
  630000               val-mean_reward: -10.000

2520 630250
2521 630500
2522 630750
2523 631000
2524 631250
2525 631500
2526 631750
2527 632000
  632000               val-mean_reward: 231.000

2528 632250
2529 632500
2530 632750
2531 633000
2532 633250
2533 633500
2534 633750
2535 634000
  634000               val-mean_reward: 487.000

2536 634250
2537 634500
2538 634750
2539 635000
2540 635250
2541 635500
2542 635750
2543 636000
  636000               val-mean_reward: -50.000

2544 636250
2545 636500
2546 636750
2547 637000
2548 637250
2549 637500
2550 637750
2551 638000
  638000               val-mean_reward: -10.000

2552 638250
2553 638500
2554 638750
2555 639000
2556 639250
2557 639500
2558 639750
2559 640000
  640000               val-mean_reward: 275.000

2560 640250
2561 640500
2562 640750
2563 641000
2564 641250
2565 641500
2566 641750
2567 642000
  642000               val-mean_reward: 275.000

2568 642250
2569 642500
2570 642750
2571 643000
2572 643250
2573 643500
2574 643750
2575 644000
  644000               val-mean_reward: -10.000

2576 644250
2577 644500
2578 644750
2579 645000
2580 645250
2581 645500
2582 645750
2583 646000
  646000               val-mean_reward: -10.000

2584 646250
2585 646500
2586 646750
2587 647000
2588 647250
2589 647500
2590 647750
2591 648000
  648000               val-mean_reward: -10.000

2592 648250
2593 648500
2594 648750
2595 649000
2596 649250
2597 649500
2598 649750
2599 650000
  650000               val-mean_reward: -10.000

2600 650250
    2600                 train-samples: 650250.000
    2600           train-bellman-error: 4.755
    2600                 train-epsilon: 0.100

2601 650500
2602 650750
2603 651000
2604 651250
2605 651500
2606 651750
2607 652000
  652000               val-mean_reward: -10.000

2608 652250
2609 652500
2610 652750
2611 653000
2612 653250
2613 653500
2614 653750
2615 654000
  654000               val-mean_reward: -50.000

2616 654250
2617 654500
2618 654750
2619 655000
2620 655250
2621 655500
2622 655750
2623 656000
  656000               val-mean_reward: -50.000

2624 656250
2625 656500
2626 656750
2627 657000
2628 657250
2629 657500
2630 657750
2631 658000
  658000               val-mean_reward: 400.000

2632 658250
2633 658500
2634 658750
2635 659000
2636 659250
2637 659500
2638 659750
2639 660000
  660000               val-mean_reward: 400.000

2640 660250
2641 660500
2642 660750
2643 661000
2644 661250
2645 661500
2646 661750
2647 662000
  662000               val-mean_reward: 275.000

2648 662250
2649 662500
2650 662750
2651 663000
2652 663250
2653 663500
2654 663750
2655 664000
  664000               val-mean_reward: -10.000

2656 664250
2657 664500
2658 664750
2659 665000
2660 665250
2661 665500
2662 665750
2663 666000
  666000               val-mean_reward: -50.000

2664 666250
2665 666500
2666 666750
2667 667000
2668 667250
2669 667500
2670 667750
2671 668000
  668000               val-mean_reward: -50.000

2672 668250
2673 668500
2674 668750
2675 669000
2676 669250
2677 669500
2678 669750
2679 670000
  670000               val-mean_reward: 275.000

2680 670250
2681 670500
2682 670750
2683 671000
2684 671250
2685 671500
2686 671750
2687 672000
  672000               val-mean_reward: 231.000

2688 672250
2689 672500
2690 672750
2691 673000
2692 673250
2693 673500
2694 673750
2695 674000
  674000               val-mean_reward: -10.000

2696 674250
2697 674500
2698 674750
2699 675000
2700 675250
    2700                 train-samples: 675250.000
    2700           train-bellman-error: 5.021
    2700                 train-epsilon: 0.100

2701 675500
2702 675750
2703 676000
  676000               val-mean_reward: 252.000

2704 676250
2705 676500
2706 676750
2707 677000
2708 677250
2709 677500
2710 677750
2711 678000
  678000               val-mean_reward: -10.000

2712 678250
2713 678500
2714 678750
2715 679000
2716 679250
2717 679500
2718 679750
2719 680000
  680000               val-mean_reward: -10.000

2720 680250
2721 680500
2722 680750
2723 681000
2724 681250
2725 681500
2726 681750
2727 682000
  682000               val-mean_reward: -10.000

2728 682250
2729 682500
2730 682750
2731 683000
2732 683250
2733 683500
2734 683750
2735 684000
  684000               val-mean_reward: -50.000

2736 684250
2737 684500
2738 684750
2739 685000
2740 685250
2741 685500
2742 685750
2743 686000
  686000               val-mean_reward: 231.000

2744 686250
2745 686500
2746 686750
2747 687000
2748 687250
2749 687500
2750 687750
2751 688000
  688000               val-mean_reward: -10.000

2752 688250
2753 688500
2754 688750
2755 689000
2756 689250
2757 689500
2758 689750
2759 690000
  690000               val-mean_reward: -50.000

2760 690250
2761 690500
2762 690750
2763 691000
2764 691250
2765 691500
2766 691750
2767 692000
  692000               val-mean_reward: -10.000

2768 692250
2769 692500
2770 692750
2771 693000
2772 693250
2773 693500
2774 693750
2775 694000
  694000               val-mean_reward: 231.000

2776 694250
2777 694500
2778 694750
2779 695000
2780 695250
2781 695500
2782 695750
2783 696000
  696000               val-mean_reward: 252.000

2784 696250
2785 696500
2786 696750
2787 697000
2788 697250
2789 697500
2790 697750
2791 698000
  698000               val-mean_reward: -10.000

2792 698250
2793 698500
2794 698750
2795 699000
2796 699250
2797 699500
2798 699750
2799 700000
  700000               val-mean_reward: 14.000

2800 700250
    2800                 train-samples: 700250.000
    2800           train-bellman-error: 4.720
    2800                 train-epsilon: 0.100

2801 700500
2802 700750
2803 701000
2804 701250
2805 701500
2806 701750
2807 702000
  702000               val-mean_reward: -10.000

2808 702250
2809 702500
2810 702750
2811 703000
2812 703250
2813 703500
2814 703750
2815 704000
  704000               val-mean_reward: -10.000

2816 704250
2817 704500
2818 704750
2819 705000
2820 705250
2821 705500
2822 705750
2823 706000
  706000               val-mean_reward: -10.000

2824 706250
2825 706500
2826 706750
2827 707000
2828 707250
2829 707500
2830 707750
2831 708000
  708000               val-mean_reward: -10.000

2832 708250
2833 708500
2834 708750
2835 709000
2836 709250
2837 709500
2838 709750
2839 710000
  710000               val-mean_reward: 61.000

2840 710250
2841 710500
2842 710750
2843 711000
2844 711250
2845 711500
2846 711750
2847 712000
  712000               val-mean_reward: 65.000

2848 712250
2849 712500
2850 712750
2851 713000
2852 713250
2853 713500
2854 713750
2855 714000
  714000               val-mean_reward: -50.000

2856 714250
2857 714500
2858 714750
2859 715000
2860 715250
2861 715500
2862 715750
2863 716000
  716000               val-mean_reward: 231.000

2864 716250
2865 716500
2866 716750
2867 717000
2868 717250
2869 717500
2870 717750
2871 718000
  718000               val-mean_reward: 275.000

2872 718250
2873 718500
2874 718750
2875 719000
2876 719250
2877 719500
2878 719750
2879 720000
  720000               val-mean_reward: 487.000

2880 720250
2881 720500
2882 720750
2883 721000
2884 721250
2885 721500
2886 721750
2887 722000
  722000               val-mean_reward: -10.000

2888 722250
2889 722500
2890 722750
2891 723000
2892 723250
2893 723500
2894 723750
2895 724000
  724000               val-mean_reward: -50.000

2896 724250
2897 724500
2898 724750
2899 725000
2900 725250
    2900                 train-samples: 725250.000
    2900           train-bellman-error: 4.648
    2900                 train-epsilon: 0.100

2901 725500
2902 725750
2903 726000
  726000               val-mean_reward: -10.000

2904 726250
2905 726500
2906 726750
2907 727000
2908 727250
2909 727500
2910 727750
2911 728000
  728000               val-mean_reward: 61.000

2912 728250
2913 728500
2914 728750
2915 729000
2916 729250
2917 729500
2918 729750
2919 730000
  730000               val-mean_reward: -10.000

2920 730250
2921 730500
2922 730750
2923 731000
2924 731250
2925 731500
2926 731750
2927 732000
  732000               val-mean_reward: -50.000

2928 732250
2929 732500
2930 732750
2931 733000
2932 733250
2933 733500
2934 733750
2935 734000
  734000               val-mean_reward: -10.000

2936 734250
2937 734500
2938 734750
2939 735000
2940 735250
2941 735500
2942 735750
2943 736000
  736000               val-mean_reward: -10.000

2944 736250
2945 736500
2946 736750
2947 737000
2948 737250
2949 737500
2950 737750
2951 738000
  738000               val-mean_reward: -10.000

2952 738250
2953 738500
2954 738750
2955 739000
2956 739250
2957 739500
2958 739750
2959 740000
  740000               val-mean_reward: -10.000

2960 740250
2961 740500
2962 740750
2963 741000
2964 741250
2965 741500
2966 741750
2967 742000
  742000               val-mean_reward: -50.000

2968 742250
2969 742500
2970 742750
2971 743000
2972 743250
2973 743500
2974 743750
2975 744000
  744000               val-mean_reward: 65.000

2976 744250
2977 744500
2978 744750
2979 745000
2980 745250
2981 745500
2982 745750
2983 746000
  746000               val-mean_reward: 14.000

2984 746250
2985 746500
2986 746750
2987 747000
2988 747250
2989 747500
2990 747750
2991 748000
  748000               val-mean_reward: 400.000

2992 748250
2993 748500
2994 748750
2995 749000
2996 749250
2997 749500
2998 749750
2999 750000
  750000               val-mean_reward: -50.000

3000 750250
    3000                 train-samples: 750250.000
    3000           train-bellman-error: 5.045
    3000                 train-epsilon: 0.100

3001 750500
3002 750750
3003 751000
3004 751250
3005 751500
3006 751750
3007 752000
  752000               val-mean_reward: -10.000

3008 752250
3009 752500
3010 752750
3011 753000
3012 753250
3013 753500
3014 753750
3015 754000
  754000               val-mean_reward: -50.000

3016 754250
3017 754500
3018 754750
3019 755000
3020 755250
3021 755500
3022 755750
3023 756000
  756000               val-mean_reward: -10.000

3024 756250
3025 756500
3026 756750
3027 757000
3028 757250
3029 757500
3030 757750
3031 758000
  758000               val-mean_reward: -10.000

3032 758250
3033 758500
3034 758750
3035 759000
3036 759250
3037 759500
3038 759750
3039 760000
  760000               val-mean_reward: -10.000

3040 760250
3041 760500
3042 760750
3043 761000
3044 761250
3045 761500
3046 761750
3047 762000
  762000               val-mean_reward: 61.000

3048 762250
3049 762500
3050 762750
3051 763000
3052 763250
3053 763500
3054 763750
3055 764000
  764000               val-mean_reward: -10.000

3056 764250
3057 764500
3058 764750
3059 765000
3060 765250
3061 765500
3062 765750
3063 766000
  766000               val-mean_reward: -10.000

3064 766250
3065 766500
3066 766750
3067 767000
3068 767250
3069 767500
3070 767750
3071 768000
  768000               val-mean_reward: -10.000

3072 768250
3073 768500
3074 768750
3075 769000
3076 769250
3077 769500
3078 769750
3079 770000
  770000               val-mean_reward: 231.000

3080 770250
3081 770500
3082 770750
3083 771000
3084 771250
3085 771500
3086 771750
3087 772000
  772000               val-mean_reward: 65.000

3088 772250
3089 772500
3090 772750
3091 773000
3092 773250
3093 773500
3094 773750
3095 774000
  774000               val-mean_reward: -50.000

3096 774250
3097 774500
3098 774750
3099 775000
3100 775250
    3100                 train-samples: 775250.000
    3100           train-bellman-error: 4.867
    3100                 train-epsilon: 0.100

3101 775500
3102 775750
3103 776000
  776000               val-mean_reward: -10.000

3104 776250
3105 776500
3106 776750
3107 777000
3108 777250
3109 777500
3110 777750
3111 778000
  778000               val-mean_reward: -10.000

3112 778250
3113 778500
3114 778750
3115 779000
3116 779250
3117 779500
3118 779750
3119 780000
  780000               val-mean_reward: -50.000

3120 780250
3121 780500
3122 780750
3123 781000
3124 781250
3125 781500
3126 781750
3127 782000
  782000               val-mean_reward: -10.000

3128 782250
3129 782500
3130 782750
3131 783000
3132 783250
3133 783500
3134 783750
3135 784000
  784000               val-mean_reward: -10.000

3136 784250
3137 784500
3138 784750
3139 785000
3140 785250
3141 785500
3142 785750
3143 786000
  786000               val-mean_reward: 65.000

3144 786250
3145 786500
3146 786750
3147 787000
3148 787250
3149 787500
3150 787750
3151 788000
  788000               val-mean_reward: -10.000

3152 788250
3153 788500
3154 788750
3155 789000
3156 789250
3157 789500
3158 789750
3159 790000
  790000               val-mean_reward: -10.000

3160 790250
3161 790500
3162 790750
3163 791000
3164 791250
3165 791500
3166 791750
3167 792000
  792000               val-mean_reward: -10.000

3168 792250
3169 792500
3170 792750
3171 793000
3172 793250
3173 793500
3174 793750
3175 794000
  794000               val-mean_reward: 400.000

3176 794250
3177 794500
3178 794750
3179 795000
3180 795250
3181 795500
3182 795750
3183 796000
  796000               val-mean_reward: 400.000

3184 796250
3185 796500
3186 796750
3187 797000
3188 797250
3189 797500
3190 797750
3191 798000
  798000               val-mean_reward: -50.000

3192 798250
3193 798500
3194 798750
3195 799000
3196 799250
3197 799500
3198 799750
3199 800000
  800000               val-mean_reward: -50.000

3200 800250
    3200                 train-samples: 800250.000
    3200           train-bellman-error: 4.699
    3200                 train-epsilon: 0.100

3201 800500
3202 800750
3203 801000
3204 801250
3205 801500
3206 801750
3207 802000
  802000               val-mean_reward: -10.000

3208 802250
3209 802500
3210 802750
3211 803000
3212 803250
3213 803500
3214 803750
3215 804000
  804000               val-mean_reward: 275.000

3216 804250
3217 804500
3218 804750
3219 805000
3220 805250
3221 805500
3222 805750
3223 806000
  806000               val-mean_reward: -10.000

3224 806250
3225 806500
3226 806750
3227 807000
3228 807250
3229 807500
3230 807750
3231 808000
  808000               val-mean_reward: 14.000

3232 808250
3233 808500
3234 808750
3235 809000
3236 809250
3237 809500
3238 809750
3239 810000
  810000               val-mean_reward: -50.000

3240 810250
3241 810500
3242 810750
3243 811000
3244 811250
3245 811500
3246 811750
3247 812000
  812000               val-mean_reward: -10.000

3248 812250
3249 812500
3250 812750
3251 813000
3252 813250
3253 813500
3254 813750
3255 814000
  814000               val-mean_reward: 65.000

3256 814250
3257 814500
3258 814750
3259 815000
3260 815250
3261 815500
3262 815750
3263 816000
  816000               val-mean_reward: -10.000

3264 816250
3265 816500
3266 816750
3267 817000
3268 817250
3269 817500
3270 817750
3271 818000
  818000               val-mean_reward: 14.000

3272 818250
3273 818500
3274 818750
3275 819000
3276 819250
3277 819500
3278 819750
3279 820000
  820000               val-mean_reward: -10.000

3280 820250
3281 820500
3282 820750
3283 821000
3284 821250
3285 821500
3286 821750
3287 822000
  822000               val-mean_reward: -50.000

3288 822250
3289 822500
3290 822750
3291 823000
3292 823250
3293 823500
3294 823750
3295 824000
  824000               val-mean_reward: 252.000

3296 824250
3297 824500
3298 824750
3299 825000
3300 825250
    3300                 train-samples: 825250.000
    3300           train-bellman-error: 4.608
    3300                 train-epsilon: 0.100

3301 825500
3302 825750
3303 826000
  826000               val-mean_reward: -50.000

3304 826250
3305 826500
3306 826750
3307 827000
3308 827250
3309 827500
3310 827750
3311 828000
  828000               val-mean_reward: 65.000

3312 828250
3313 828500
3314 828750
3315 829000
3316 829250
3317 829500
3318 829750
3319 830000
  830000               val-mean_reward: -10.000

3320 830250
3321 830500
3322 830750
3323 831000
3324 831250
3325 831500
3326 831750
3327 832000
  832000               val-mean_reward: -10.000

3328 832250
3329 832500
3330 832750
3331 833000
3332 833250
3333 833500
3334 833750
3335 834000
  834000               val-mean_reward: 231.000

3336 834250
3337 834500
3338 834750
3339 835000
3340 835250
3341 835500
3342 835750
3343 836000
  836000               val-mean_reward: 231.000

3344 836250
3345 836500
3346 836750
3347 837000
3348 837250
3349 837500
3350 837750
3351 838000
  838000               val-mean_reward: -10.000

3352 838250
3353 838500
3354 838750
3355 839000
3356 839250
3357 839500
3358 839750
3359 840000
  840000               val-mean_reward: -50.000

3360 840250
3361 840500
3362 840750
3363 841000
3364 841250
3365 841500
3366 841750
3367 842000
  842000               val-mean_reward: -10.000

3368 842250
3369 842500
3370 842750
3371 843000
3372 843250
3373 843500
3374 843750
3375 844000
  844000               val-mean_reward: 275.000

3376 844250
3377 844500
3378 844750
3379 845000
3380 845250
3381 845500
3382 845750
3383 846000
  846000               val-mean_reward: 275.000

3384 846250
3385 846500
3386 846750
3387 847000
3388 847250
3389 847500
3390 847750
3391 848000
  848000               val-mean_reward: -10.000

3392 848250
3393 848500
3394 848750
3395 849000
3396 849250
3397 849500
3398 849750
3399 850000
  850000               val-mean_reward: 275.000

3400 850250
    3400                 train-samples: 850250.000
    3400           train-bellman-error: 5.305
    3400                 train-epsilon: 0.100

3401 850500
3402 850750
3403 851000
3404 851250
3405 851500
3406 851750
3407 852000
  852000               val-mean_reward: -10.000

3408 852250
3409 852500
3410 852750
3411 853000
3412 853250
3413 853500
3414 853750
3415 854000
  854000               val-mean_reward: -10.000

3416 854250
3417 854500
3418 854750
3419 855000
3420 855250
3421 855500
3422 855750
3423 856000
  856000               val-mean_reward: -50.000

3424 856250
3425 856500
3426 856750
3427 857000
3428 857250
3429 857500
3430 857750
3431 858000
  858000               val-mean_reward: -10.000

3432 858250
3433 858500
3434 858750
3435 859000
3436 859250
3437 859500
3438 859750
3439 860000
  860000               val-mean_reward: 275.000

3440 860250
3441 860500
3442 860750
3443 861000
3444 861250
3445 861500
3446 861750
3447 862000
  862000               val-mean_reward: 14.000

3448 862250
3449 862500
3450 862750
3451 863000
3452 863250
3453 863500
3454 863750
3455 864000
  864000               val-mean_reward: -10.000

3456 864250
3457 864500
3458 864750
3459 865000
3460 865250
3461 865500
3462 865750
3463 866000
  866000               val-mean_reward: -10.000

3464 866250
3465 866500
3466 866750
3467 867000
3468 867250
3469 867500
3470 867750
3471 868000
  868000               val-mean_reward: -50.000

3472 868250
3473 868500
3474 868750
3475 869000
3476 869250
3477 869500
3478 869750
3479 870000
  870000               val-mean_reward: -50.000

3480 870250
3481 870500
3482 870750
3483 871000
3484 871250
3485 871500
3486 871750
3487 872000
  872000               val-mean_reward: 65.000

3488 872250
3489 872500
3490 872750
3491 873000
3492 873250
3493 873500
3494 873750
3495 874000
  874000               val-mean_reward: -50.000

3496 874250
3497 874500
3498 874750
3499 875000
3500 875250
    3500                 train-samples: 875250.000
    3500           train-bellman-error: 4.712
    3500                 train-epsilon: 0.100

3501 875500
3502 875750
3503 876000
  876000               val-mean_reward: -10.000

3504 876250
3505 876500
3506 876750
3507 877000
3508 877250
3509 877500
3510 877750
3511 878000
  878000               val-mean_reward: 14.000

3512 878250
3513 878500
3514 878750
3515 879000
3516 879250
3517 879500
3518 879750
3519 880000
  880000               val-mean_reward: -10.000

3520 880250
3521 880500
3522 880750
3523 881000
3524 881250
3525 881500
3526 881750
3527 882000
  882000               val-mean_reward: 252.000

3528 882250
3529 882500
3530 882750
3531 883000
3532 883250
3533 883500
3534 883750
3535 884000
  884000               val-mean_reward: -10.000

3536 884250
3537 884500
3538 884750
3539 885000
3540 885250
3541 885500
3542 885750
3543 886000
  886000               val-mean_reward: -50.000

3544 886250
3545 886500
3546 886750
3547 887000
3548 887250
3549 887500
3550 887750
3551 888000
  888000               val-mean_reward: -10.000

3552 888250
3553 888500
3554 888750
3555 889000
3556 889250
3557 889500
3558 889750
3559 890000
  890000               val-mean_reward: -10.000

3560 890250
3561 890500
3562 890750
3563 891000
3564 891250
3565 891500
3566 891750
3567 892000
  892000               val-mean_reward: -10.000

3568 892250
3569 892500
3570 892750
3571 893000
3572 893250
3573 893500
3574 893750
3575 894000
  894000               val-mean_reward: -10.000

3576 894250
3577 894500
3578 894750
3579 895000
3580 895250
3581 895500
3582 895750
3583 896000
  896000               val-mean_reward: 231.000

3584 896250
3585 896500
3586 896750
3587 897000
3588 897250
3589 897500
3590 897750
3591 898000
  898000               val-mean_reward: -10.000

3592 898250
3593 898500
3594 898750
3595 899000
3596 899250
3597 899500
3598 899750
3599 900000
  900000               val-mean_reward: 14.000

3600 900250
    3600                 train-samples: 900250.000
    3600           train-bellman-error: 4.789
    3600                 train-epsilon: 0.100

3601 900500
3602 900750
3603 901000
3604 901250
3605 901500
3606 901750
3607 902000
  902000               val-mean_reward: -10.000

3608 902250
3609 902500
3610 902750
3611 903000
3612 903250
3613 903500
3614 903750
3615 904000
  904000               val-mean_reward: 252.000

3616 904250
3617 904500
3618 904750
3619 905000
3620 905250
3621 905500
3622 905750
3623 906000
  906000               val-mean_reward: 14.000

3624 906250
3625 906500
3626 906750
3627 907000
3628 907250
3629 907500
3630 907750
3631 908000
  908000               val-mean_reward: 61.000

3632 908250
3633 908500
3634 908750
3635 909000
3636 909250
3637 909500
3638 909750
3639 910000
  910000               val-mean_reward: -10.000

3640 910250
3641 910500
3642 910750
3643 911000
3644 911250
3645 911500
3646 911750
3647 912000
  912000               val-mean_reward: -10.000

3648 912250
3649 912500
3650 912750
3651 913000
3652 913250
3653 913500
3654 913750
3655 914000
  914000               val-mean_reward: 61.000

3656 914250
3657 914500
3658 914750
3659 915000
3660 915250
3661 915500
3662 915750
3663 916000
  916000               val-mean_reward: -10.000

3664 916250
3665 916500
3666 916750
3667 917000
3668 917250
3669 917500
3670 917750
3671 918000
  918000               val-mean_reward: -10.000

3672 918250
3673 918500
3674 918750
3675 919000
3676 919250
3677 919500
3678 919750
3679 920000
  920000               val-mean_reward: -50.000

3680 920250
3681 920500
3682 920750
3683 921000
3684 921250
3685 921500
3686 921750
3687 922000
  922000               val-mean_reward: -10.000

3688 922250
3689 922500
3690 922750
3691 923000
3692 923250
3693 923500
3694 923750
3695 924000
  924000               val-mean_reward: -50.000

3696 924250
3697 924500
3698 924750
3699 925000
3700 925250
    3700                 train-samples: 925250.000
    3700           train-bellman-error: 4.744
    3700                 train-epsilon: 0.100

3701 925500
3702 925750
3703 926000
  926000               val-mean_reward: -10.000

3704 926250
3705 926500
3706 926750
3707 927000
3708 927250
3709 927500
3710 927750
3711 928000
  928000               val-mean_reward: -50.000

3712 928250
3713 928500
3714 928750
3715 929000
3716 929250
3717 929500
3718 929750
3719 930000
  930000               val-mean_reward: -50.000

3720 930250
3721 930500
3722 930750
3723 931000
3724 931250
3725 931500
3726 931750
3727 932000
  932000               val-mean_reward: -10.000

3728 932250
3729 932500
3730 932750
3731 933000
3732 933250
3733 933500
3734 933750
3735 934000
  934000               val-mean_reward: 231.000

3736 934250
3737 934500
3738 934750
3739 935000
3740 935250
3741 935500
3742 935750
3743 936000
  936000               val-mean_reward: -50.000

3744 936250
3745 936500
3746 936750
3747 937000
3748 937250
3749 937500
3750 937750
3751 938000
  938000               val-mean_reward: -10.000

3752 938250
3753 938500
3754 938750
3755 939000
3756 939250
3757 939500
3758 939750
3759 940000
  940000               val-mean_reward: 275.000

3760 940250
3761 940500
3762 940750
3763 941000
3764 941250
3765 941500
3766 941750
3767 942000
  942000               val-mean_reward: 65.000

3768 942250
3769 942500
3770 942750
3771 943000
3772 943250
3773 943500
3774 943750
3775 944000
  944000               val-mean_reward: 61.000

3776 944250
3777 944500
3778 944750
3779 945000
3780 945250
3781 945500
3782 945750
3783 946000
  946000               val-mean_reward: 14.000

3784 946250
3785 946500
3786 946750
3787 947000
3788 947250
3789 947500
3790 947750
3791 948000
  948000               val-mean_reward: 231.000

3792 948250
3793 948500
3794 948750
3795 949000
3796 949250
3797 949500
3798 949750
3799 950000
  950000               val-mean_reward: -10.000

3800 950250
    3800                 train-samples: 950250.000
    3800           train-bellman-error: 4.879
    3800                 train-epsilon: 0.100

3801 950500
3802 950750
3803 951000
3804 951250
3805 951500
3806 951750
3807 952000
  952000               val-mean_reward: 61.000

3808 952250
3809 952500
3810 952750
3811 953000
3812 953250
3813 953500
3814 953750
3815 954000
  954000               val-mean_reward: 275.000

3816 954250
3817 954500
3818 954750
3819 955000
3820 955250
3821 955500
3822 955750
3823 956000
  956000               val-mean_reward: -10.000

3824 956250
3825 956500
3826 956750
3827 957000
3828 957250
3829 957500
3830 957750
3831 958000
  958000               val-mean_reward: -10.000

3832 958250
3833 958500
3834 958750
3835 959000
3836 959250
3837 959500
3838 959750
3839 960000
  960000               val-mean_reward: -50.000

3840 960250
3841 960500
3842 960750
3843 961000
3844 961250
3845 961500
3846 961750
3847 962000
  962000               val-mean_reward: -10.000

3848 962250
3849 962500
3850 962750
3851 963000
3852 963250
3853 963500
3854 963750
3855 964000
  964000               val-mean_reward: -10.000

3856 964250
3857 964500
3858 964750
3859 965000
3860 965250
3861 965500
3862 965750
3863 966000
  966000               val-mean_reward: -10.000

3864 966250
3865 966500
3866 966750
3867 967000
3868 967250
3869 967500
3870 967750
3871 968000
  968000               val-mean_reward: -10.000

3872 968250
3873 968500
3874 968750
3875 969000
3876 969250
3877 969500
3878 969750
3879 970000
  970000               val-mean_reward: -10.000

3880 970250
3881 970500
3882 970750
3883 971000
3884 971250
3885 971500
3886 971750
3887 972000
  972000               val-mean_reward: -10.000

3888 972250
3889 972500
3890 972750
3891 973000
3892 973250
3893 973500
3894 973750
3895 974000
  974000               val-mean_reward: 61.000

3896 974250
3897 974500
3898 974750
3899 975000
3900 975250
    3900                 train-samples: 975250.000
    3900           train-bellman-error: 4.668
    3900                 train-epsilon: 0.100

3901 975500
3902 975750
3903 976000
  976000               val-mean_reward: 65.000

3904 976250
3905 976500
3906 976750
3907 977000
3908 977250
3909 977500
3910 977750
3911 978000
  978000               val-mean_reward: -10.000

3912 978250
3913 978500
3914 978750
3915 979000
3916 979250
3917 979500
3918 979750
3919 980000
  980000               val-mean_reward: -50.000

3920 980250
3921 980500
3922 980750
3923 981000
3924 981250
3925 981500
3926 981750
3927 982000
  982000               val-mean_reward: -50.000

3928 982250
3929 982500
3930 982750
3931 983000
3932 983250
3933 983500
3934 983750
3935 984000
  984000               val-mean_reward: -50.000

3936 984250
3937 984500
3938 984750
3939 985000
3940 985250
3941 985500
3942 985750
3943 986000
  986000               val-mean_reward: 231.000

3944 986250
3945 986500
3946 986750
3947 987000
3948 987250
3949 987500
3950 987750
3951 988000
  988000               val-mean_reward: 65.000

3952 988250
3953 988500
3954 988750
3955 989000
3956 989250
3957 989500
3958 989750
3959 990000
  990000               val-mean_reward: 231.000

3960 990250
3961 990500
3962 990750
3963 991000
3964 991250
3965 991500
3966 991750
3967 992000
  992000               val-mean_reward: -50.000

3968 992250
3969 992500
3970 992750
3971 993000
3972 993250
3973 993500
3974 993750
3975 994000
  994000               val-mean_reward: 231.000

3976 994250
3977 994500
3978 994750
3979 995000
3980 995250
3981 995500
3982 995750
3983 996000
  996000               val-mean_reward: -10.000

3984 996250
3985 996500
3986 996750
3987 997000
3988 997250
3989 997500
3990 997750
3991 998000
  998000               val-mean_reward: -10.000

3992 998250
3993 998500
3994 998750
3995 999000
3996 999250
3997 999500
3998 999750
3999 1000000
 1000000               val-mean_reward: -50.000

4000 1000250
    4000                 train-samples: 1000250.000
    4000           train-bellman-error: 4.859
    4000                 train-epsilon: 0.100

4001 1000500
4002 1000750
4003 1001000
4004 1001250
4005 1001500
4006 1001750
4007 1002000
 1002000               val-mean_reward: -10.000

4008 1002250
4009 1002500
4010 1002750
4011 1003000
4012 1003250
4013 1003500
4014 1003750
4015 1004000
 1004000               val-mean_reward: -50.000

4016 1004250
4017 1004500
4018 1004750
4019 1005000
4020 1005250
4021 1005500
4022 1005750
4023 1006000
 1006000               val-mean_reward: -10.000

4024 1006250
4025 1006500
4026 1006750
4027 1007000
4028 1007250
4029 1007500
4030 1007750
4031 1008000
 1008000               val-mean_reward: -10.000

4032 1008250
4033 1008500
4034 1008750
4035 1009000
4036 1009250
4037 1009500
4038 1009750
4039 1010000
 1010000               val-mean_reward: -10.000

4040 1010250
4041 1010500
4042 1010750
4043 1011000
4044 1011250
4045 1011500
4046 1011750
4047 1012000
 1012000               val-mean_reward: -10.000

4048 1012250
4049 1012500
4050 1012750
4051 1013000
4052 1013250
4053 1013500
4054 1013750
4055 1014000
 1014000               val-mean_reward: -50.000

4056 1014250
4057 1014500
4058 1014750
4059 1015000
4060 1015250
4061 1015500
4062 1015750
4063 1016000
 1016000               val-mean_reward: 400.000

4064 1016250
4065 1016500
4066 1016750
4067 1017000
4068 1017250
4069 1017500
4070 1017750
4071 1018000
 1018000               val-mean_reward: -50.000

4072 1018250
4073 1018500
4074 1018750
4075 1019000
4076 1019250
4077 1019500
4078 1019750
4079 1020000
 1020000               val-mean_reward: -10.000

4080 1020250
4081 1020500
4082 1020750
4083 1021000
4084 1021250
4085 1021500
4086 1021750
4087 1022000
 1022000               val-mean_reward: -10.000

4088 1022250
4089 1022500
4090 1022750
4091 1023000
4092 1023250
4093 1023500
4094 1023750
4095 1024000
 1024000               val-mean_reward: -50.000

4096 1024250
4097 1024500
4098 1024750
4099 1025000
4100 1025250
    4100                 train-samples: 1025250.000
    4100           train-bellman-error: 4.724
    4100                 train-epsilon: 0.100

4101 1025500
4102 1025750
4103 1026000
 1026000               val-mean_reward: -50.000

4104 1026250
4105 1026500
4106 1026750
4107 1027000
4108 1027250
4109 1027500
4110 1027750
4111 1028000
 1028000               val-mean_reward: -10.000

4112 1028250
4113 1028500
4114 1028750
4115 1029000
4116 1029250
4117 1029500
4118 1029750
4119 1030000
 1030000               val-mean_reward: 231.000

4120 1030250
4121 1030500
4122 1030750
4123 1031000
4124 1031250
4125 1031500
4126 1031750
4127 1032000
 1032000               val-mean_reward: -10.000

4128 1032250
4129 1032500
4130 1032750
4131 1033000
4132 1033250
4133 1033500
4134 1033750
4135 1034000
 1034000               val-mean_reward: -10.000

4136 1034250
4137 1034500
4138 1034750
4139 1035000
4140 1035250
4141 1035500
4142 1035750
4143 1036000
 1036000               val-mean_reward: 231.000

4144 1036250
4145 1036500
4146 1036750
4147 1037000
4148 1037250
4149 1037500
4150 1037750
4151 1038000
 1038000               val-mean_reward: -10.000

4152 1038250
4153 1038500
4154 1038750
4155 1039000
4156 1039250
4157 1039500
4158 1039750
4159 1040000
 1040000               val-mean_reward: -10.000

4160 1040250
4161 1040500
4162 1040750
4163 1041000
4164 1041250
4165 1041500
4166 1041750
4167 1042000
 1042000               val-mean_reward: 65.000

4168 1042250
4169 1042500
4170 1042750
4171 1043000
4172 1043250
4173 1043500
4174 1043750
4175 1044000
 1044000               val-mean_reward: 250.000

4176 1044250
4177 1044500
4178 1044750
4179 1045000
4180 1045250
4181 1045500
4182 1045750
4183 1046000
 1046000               val-mean_reward: -10.000

4184 1046250
4185 1046500
4186 1046750
4187 1047000
4188 1047250
4189 1047500
4190 1047750
4191 1048000
 1048000               val-mean_reward: 61.000

4192 1048250
4193 1048500
4194 1048750
4195 1049000
4196 1049250
4197 1049500
4198 1049750
4199 1050000
 1050000               val-mean_reward: 14.000

4200 1050250
    4200                 train-samples: 1050250.000
    4200           train-bellman-error: 6.431
    4200                 train-epsilon: 0.100

4201 1050500
4202 1050750
4203 1051000
4204 1051250
4205 1051500
4206 1051750
4207 1052000
 1052000               val-mean_reward: -50.000

4208 1052250
4209 1052500
4210 1052750
4211 1053000
4212 1053250
4213 1053500
4214 1053750
4215 1054000
 1054000               val-mean_reward: -50.000

4216 1054250
4217 1054500
4218 1054750
4219 1055000
4220 1055250
4221 1055500
4222 1055750
4223 1056000
 1056000               val-mean_reward: 14.000

4224 1056250
4225 1056500
4226 1056750
4227 1057000
4228 1057250
4229 1057500
4230 1057750
4231 1058000
 1058000               val-mean_reward: -10.000

4232 1058250
4233 1058500
4234 1058750
4235 1059000
4236 1059250
4237 1059500
4238 1059750
4239 1060000
 1060000               val-mean_reward: -50.000

4240 1060250
4241 1060500
4242 1060750
4243 1061000
4244 1061250
4245 1061500
4246 1061750
4247 1062000
 1062000               val-mean_reward: -10.000

4248 1062250
4249 1062500
4250 1062750
4251 1063000
4252 1063250
4253 1063500
4254 1063750
4255 1064000
 1064000               val-mean_reward: -10.000

4256 1064250
4257 1064500
4258 1064750
4259 1065000
4260 1065250
4261 1065500
4262 1065750
4263 1066000
 1066000               val-mean_reward: 275.000

4264 1066250
4265 1066500
4266 1066750
4267 1067000
4268 1067250
4269 1067500
4270 1067750
4271 1068000
 1068000               val-mean_reward: 275.000

4272 1068250
4273 1068500
4274 1068750
4275 1069000
4276 1069250
4277 1069500
4278 1069750
4279 1070000
 1070000               val-mean_reward: 65.000

4280 1070250
4281 1070500
4282 1070750
4283 1071000
4284 1071250
4285 1071500
4286 1071750
4287 1072000
 1072000               val-mean_reward: -50.000

4288 1072250
4289 1072500
4290 1072750
4291 1073000
4292 1073250
4293 1073500
4294 1073750
4295 1074000
 1074000               val-mean_reward: -10.000

4296 1074250
4297 1074500
4298 1074750
4299 1075000
4300 1075250
    4300                 train-samples: 1075250.000
    4300           train-bellman-error: 4.901
    4300                 train-epsilon: 0.100

4301 1075500
4302 1075750
4303 1076000
 1076000               val-mean_reward: -10.000

4304 1076250
4305 1076500
4306 1076750
4307 1077000
4308 1077250
4309 1077500
4310 1077750
4311 1078000
 1078000               val-mean_reward: -50.000

4312 1078250
4313 1078500
4314 1078750
4315 1079000
4316 1079250
4317 1079500
4318 1079750
4319 1080000
 1080000               val-mean_reward: -10.000

4320 1080250
4321 1080500
4322 1080750
4323 1081000
4324 1081250
4325 1081500
4326 1081750
4327 1082000
 1082000               val-mean_reward: 231.000

4328 1082250
4329 1082500
4330 1082750
4331 1083000
4332 1083250
4333 1083500
4334 1083750
4335 1084000
 1084000               val-mean_reward: 250.000

4336 1084250
4337 1084500
4338 1084750
4339 1085000
4340 1085250
4341 1085500
4342 1085750
4343 1086000
 1086000               val-mean_reward: 14.000

4344 1086250
4345 1086500
4346 1086750
4347 1087000
4348 1087250
4349 1087500
4350 1087750
4351 1088000
 1088000               val-mean_reward: -50.000

4352 1088250
4353 1088500
4354 1088750
4355 1089000
4356 1089250
4357 1089500
4358 1089750
4359 1090000
 1090000               val-mean_reward: -10.000

4360 1090250
4361 1090500
4362 1090750
4363 1091000
4364 1091250
4365 1091500
4366 1091750
4367 1092000
 1092000               val-mean_reward: 65.000

4368 1092250
4369 1092500
4370 1092750
4371 1093000
4372 1093250
4373 1093500
4374 1093750
4375 1094000
 1094000               val-mean_reward: -10.000

4376 1094250
4377 1094500
4378 1094750
4379 1095000
4380 1095250
4381 1095500
4382 1095750
4383 1096000
 1096000               val-mean_reward: -50.000

4384 1096250
4385 1096500
4386 1096750
4387 1097000
4388 1097250
4389 1097500
4390 1097750
4391 1098000
 1098000               val-mean_reward: -10.000

4392 1098250
4393 1098500
4394 1098750
4395 1099000
4396 1099250
4397 1099500
4398 1099750
4399 1100000
 1100000               val-mean_reward: 65.000

4400 1100250
    4400                 train-samples: 1100250.000
    4400           train-bellman-error: 5.966
    4400                 train-epsilon: 0.100

4401 1100500
4402 1100750
4403 1101000
4404 1101250
4405 1101500
4406 1101750
4407 1102000
 1102000               val-mean_reward: -10.000

4408 1102250
4409 1102500
4410 1102750
4411 1103000
4412 1103250
4413 1103500
4414 1103750
4415 1104000
 1104000               val-mean_reward: 14.000

4416 1104250
4417 1104500
4418 1104750
4419 1105000
4420 1105250
4421 1105500
4422 1105750
4423 1106000
 1106000               val-mean_reward: -10.000

4424 1106250
4425 1106500
4426 1106750
4427 1107000
4428 1107250
4429 1107500
4430 1107750
4431 1108000
 1108000               val-mean_reward: 231.000

4432 1108250
4433 1108500
4434 1108750
4435 1109000
4436 1109250
4437 1109500
4438 1109750
4439 1110000
 1110000               val-mean_reward: -50.000

4440 1110250
4441 1110500
4442 1110750
4443 1111000
4444 1111250
4445 1111500
4446 1111750
4447 1112000
 1112000               val-mean_reward: -10.000

4448 1112250
4449 1112500
4450 1112750
4451 1113000
4452 1113250
4453 1113500
4454 1113750
4455 1114000
 1114000               val-mean_reward: 231.000

4456 1114250
4457 1114500
4458 1114750
4459 1115000
4460 1115250
4461 1115500
4462 1115750
4463 1116000
 1116000               val-mean_reward: -10.000

4464 1116250
4465 1116500
4466 1116750
4467 1117000
4468 1117250
4469 1117500
4470 1117750
4471 1118000
 1118000               val-mean_reward: -10.000

4472 1118250
4473 1118500
4474 1118750
4475 1119000
4476 1119250
4477 1119500
4478 1119750
4479 1120000
 1120000               val-mean_reward: -10.000

4480 1120250
4481 1120500
4482 1120750
4483 1121000
4484 1121250
4485 1121500
4486 1121750
4487 1122000
 1122000               val-mean_reward: 65.000

4488 1122250
4489 1122500
4490 1122750
4491 1123000
4492 1123250
4493 1123500
4494 1123750
4495 1124000
 1124000               val-mean_reward: -10.000

4496 1124250
4497 1124500
4498 1124750
4499 1125000
4500 1125250
    4500                 train-samples: 1125250.000
    4500           train-bellman-error: 4.706
    4500                 train-epsilon: 0.100

4501 1125500
4502 1125750
4503 1126000
 1126000               val-mean_reward: 487.000

4504 1126250
4505 1126500
4506 1126750
4507 1127000
4508 1127250
4509 1127500
4510 1127750
4511 1128000
 1128000               val-mean_reward: -10.000

4512 1128250
4513 1128500
4514 1128750
4515 1129000
4516 1129250
4517 1129500
4518 1129750
4519 1130000
 1130000               val-mean_reward: 61.000

4520 1130250
4521 1130500
4522 1130750
4523 1131000
4524 1131250
4525 1131500
4526 1131750
4527 1132000
 1132000               val-mean_reward: 61.000

4528 1132250
4529 1132500
4530 1132750
4531 1133000
4532 1133250
4533 1133500
4534 1133750
4535 1134000
 1134000               val-mean_reward: 14.000

4536 1134250
4537 1134500
4538 1134750
4539 1135000
4540 1135250
4541 1135500
4542 1135750
4543 1136000
 1136000               val-mean_reward: 14.000

4544 1136250
4545 1136500
4546 1136750
4547 1137000
4548 1137250
4549 1137500
4550 1137750
4551 1138000
 1138000               val-mean_reward: 14.000

4552 1138250
4553 1138500
4554 1138750
4555 1139000
4556 1139250
4557 1139500
4558 1139750
4559 1140000
 1140000               val-mean_reward: -10.000

4560 1140250
4561 1140500
4562 1140750
4563 1141000
4564 1141250
4565 1141500
4566 1141750
4567 1142000
 1142000               val-mean_reward: -10.000

4568 1142250
4569 1142500
4570 1142750
4571 1143000
4572 1143250
4573 1143500
4574 1143750
4575 1144000
 1144000               val-mean_reward: -50.000

4576 1144250
4577 1144500
4578 1144750
4579 1145000
4580 1145250
4581 1145500
4582 1145750
4583 1146000
 1146000               val-mean_reward: 65.000

4584 1146250
4585 1146500
4586 1146750
4587 1147000
4588 1147250
4589 1147500
4590 1147750
4591 1148000
 1148000               val-mean_reward: 65.000

4592 1148250
4593 1148500
4594 1148750
4595 1149000
4596 1149250
4597 1149500
4598 1149750
4599 1150000
 1150000               val-mean_reward: 252.000

4600 1150250
    4600                 train-samples: 1150250.000
    4600           train-bellman-error: 7.400
    4600                 train-epsilon: 0.100

4601 1150500
4602 1150750
4603 1151000
4604 1151250
4605 1151500
4606 1151750
4607 1152000
 1152000               val-mean_reward: -10.000

4608 1152250
4609 1152500
4610 1152750
4611 1153000
4612 1153250
4613 1153500
4614 1153750
4615 1154000
 1154000               val-mean_reward: -10.000

4616 1154250
4617 1154500
4618 1154750
4619 1155000
4620 1155250
4621 1155500
4622 1155750
4623 1156000
 1156000               val-mean_reward: -10.000

4624 1156250
4625 1156500
4626 1156750
4627 1157000
4628 1157250
4629 1157500
4630 1157750
4631 1158000
 1158000               val-mean_reward: 14.000

4632 1158250
4633 1158500
4634 1158750
4635 1159000
4636 1159250
4637 1159500
4638 1159750
4639 1160000
 1160000               val-mean_reward: 65.000

4640 1160250
4641 1160500
4642 1160750
4643 1161000
4644 1161250
4645 1161500
4646 1161750
4647 1162000
 1162000               val-mean_reward: -10.000

4648 1162250
4649 1162500
4650 1162750
4651 1163000
4652 1163250
4653 1163500
4654 1163750
4655 1164000
 1164000               val-mean_reward: -10.000

4656 1164250
4657 1164500
4658 1164750
4659 1165000
4660 1165250
4661 1165500
4662 1165750
4663 1166000
 1166000               val-mean_reward: -50.000

4664 1166250
4665 1166500
4666 1166750
4667 1167000
4668 1167250
4669 1167500
4670 1167750
4671 1168000
 1168000               val-mean_reward: 65.000

4672 1168250
4673 1168500
4674 1168750
4675 1169000
4676 1169250
4677 1169500
4678 1169750
4679 1170000
 1170000               val-mean_reward: -50.000

4680 1170250
4681 1170500
4682 1170750
4683 1171000
4684 1171250
4685 1171500
4686 1171750
4687 1172000
 1172000               val-mean_reward: -10.000

4688 1172250
4689 1172500
4690 1172750
4691 1173000
4692 1173250
4693 1173500
4694 1173750
4695 1174000
 1174000               val-mean_reward: 231.000

4696 1174250
4697 1174500
4698 1174750
4699 1175000
4700 1175250
    4700                 train-samples: 1175250.000
    4700           train-bellman-error: 5.044
    4700                 train-epsilon: 0.100

4701 1175500
4702 1175750
4703 1176000
 1176000               val-mean_reward: -10.000

4704 1176250
4705 1176500
4706 1176750
4707 1177000
4708 1177250
4709 1177500
4710 1177750
4711 1178000
 1178000               val-mean_reward: 275.000

4712 1178250
4713 1178500
4714 1178750
4715 1179000
4716 1179250
4717 1179500
4718 1179750
4719 1180000
 1180000               val-mean_reward: -10.000

4720 1180250
4721 1180500
4722 1180750
4723 1181000
4724 1181250
4725 1181500
4726 1181750
4727 1182000
 1182000               val-mean_reward: -10.000

4728 1182250
4729 1182500
4730 1182750
4731 1183000
4732 1183250
4733 1183500
4734 1183750
4735 1184000
 1184000               val-mean_reward: 61.000

4736 1184250
4737 1184500
4738 1184750
4739 1185000
4740 1185250
4741 1185500
4742 1185750
4743 1186000
 1186000               val-mean_reward: -10.000

4744 1186250
4745 1186500
4746 1186750
4747 1187000
4748 1187250
4749 1187500
4750 1187750
4751 1188000
 1188000               val-mean_reward: -50.000

4752 1188250
4753 1188500
4754 1188750
4755 1189000
4756 1189250
4757 1189500
4758 1189750
4759 1190000
 1190000               val-mean_reward: -50.000

4760 1190250
4761 1190500
4762 1190750
4763 1191000
4764 1191250
4765 1191500
4766 1191750
4767 1192000
 1192000               val-mean_reward: -10.000

4768 1192250
4769 1192500
4770 1192750
4771 1193000
4772 1193250
4773 1193500
4774 1193750
4775 1194000
 1194000               val-mean_reward: -10.000

4776 1194250
4777 1194500
4778 1194750
4779 1195000
4780 1195250
4781 1195500
4782 1195750
4783 1196000
 1196000               val-mean_reward: -10.000

4784 1196250
4785 1196500
4786 1196750
4787 1197000
4788 1197250
4789 1197500
4790 1197750
4791 1198000
 1198000               val-mean_reward: -10.000

4792 1198250
4793 1198500
4794 1198750
4795 1199000
4796 1199250
4797 1199500
4798 1199750
4799 1200000
 1200000               val-mean_reward: -10.000

4800 1200250
    4800                 train-samples: 1200250.000
    4800           train-bellman-error: 5.185
    4800                 train-epsilon: 0.100

4801 1200500
4802 1200750
4803 1201000
4804 1201250
4805 1201500
4806 1201750
4807 1202000
 1202000               val-mean_reward: 231.000

4808 1202250
4809 1202500
4810 1202750
4811 1203000
4812 1203250
4813 1203500
4814 1203750
4815 1204000
 1204000               val-mean_reward: -10.000

4816 1204250
4817 1204500
4818 1204750
4819 1205000
4820 1205250
4821 1205500
4822 1205750
4823 1206000
 1206000               val-mean_reward: -10.000

4824 1206250
4825 1206500
4826 1206750
4827 1207000
4828 1207250
4829 1207500
4830 1207750
4831 1208000
 1208000               val-mean_reward: -10.000

4832 1208250
4833 1208500
4834 1208750
4835 1209000
4836 1209250
4837 1209500
4838 1209750
4839 1210000
 1210000               val-mean_reward: -10.000

4840 1210250
4841 1210500
4842 1210750
4843 1211000
4844 1211250
4845 1211500
4846 1211750
4847 1212000
 1212000               val-mean_reward: 14.000

4848 1212250
4849 1212500
4850 1212750
4851 1213000
4852 1213250
4853 1213500
4854 1213750
4855 1214000
 1214000               val-mean_reward: -10.000

4856 1214250
4857 1214500
4858 1214750
4859 1215000
4860 1215250
4861 1215500
4862 1215750
4863 1216000
 1216000               val-mean_reward: -10.000

4864 1216250
4865 1216500
4866 1216750
4867 1217000
4868 1217250
4869 1217500
4870 1217750
4871 1218000
 1218000               val-mean_reward: -50.000

4872 1218250
4873 1218500
4874 1218750
4875 1219000
4876 1219250
4877 1219500
4878 1219750
4879 1220000
 1220000               val-mean_reward: -10.000

4880 1220250
4881 1220500
4882 1220750
4883 1221000
4884 1221250
4885 1221500
4886 1221750
4887 1222000
 1222000               val-mean_reward: -50.000

4888 1222250
4889 1222500
4890 1222750
4891 1223000
4892 1223250
4893 1223500
4894 1223750
4895 1224000
 1224000               val-mean_reward: -10.000

4896 1224250
4897 1224500
4898 1224750
4899 1225000
4900 1225250
    4900                 train-samples: 1225250.000
    4900           train-bellman-error: 4.848
    4900                 train-epsilon: 0.100

4901 1225500
4902 1225750
4903 1226000
 1226000               val-mean_reward: 14.000

4904 1226250
4905 1226500
4906 1226750
4907 1227000
4908 1227250
4909 1227500
4910 1227750
4911 1228000
 1228000               val-mean_reward: 65.000

4912 1228250
4913 1228500
4914 1228750
4915 1229000
4916 1229250
4917 1229500
4918 1229750
4919 1230000
 1230000               val-mean_reward: 65.000

4920 1230250
4921 1230500
4922 1230750
4923 1231000
4924 1231250
4925 1231500
4926 1231750
4927 1232000
 1232000               val-mean_reward: 231.000

4928 1232250
4929 1232500
4930 1232750
4931 1233000
4932 1233250
4933 1233500
4934 1233750
4935 1234000
 1234000               val-mean_reward: -10.000

4936 1234250
4937 1234500
4938 1234750
4939 1235000
4940 1235250
4941 1235500
4942 1235750
4943 1236000
 1236000               val-mean_reward: 61.000

4944 1236250
4945 1236500
4946 1236750
4947 1237000
4948 1237250
4949 1237500
4950 1237750
4951 1238000
 1238000               val-mean_reward: -10.000

4952 1238250
4953 1238500
4954 1238750
4955 1239000
4956 1239250
4957 1239500
4958 1239750
4959 1240000
 1240000               val-mean_reward: -10.000

4960 1240250
4961 1240500
4962 1240750
4963 1241000
4964 1241250
4965 1241500
4966 1241750
4967 1242000
 1242000               val-mean_reward: -50.000

4968 1242250
4969 1242500
4970 1242750
4971 1243000
4972 1243250
4973 1243500
4974 1243750
4975 1244000
 1244000               val-mean_reward: 61.000

4976 1244250
4977 1244500
4978 1244750
4979 1245000
4980 1245250
4981 1245500
4982 1245750
4983 1246000
 1246000               val-mean_reward: -10.000

4984 1246250
4985 1246500
4986 1246750
4987 1247000
4988 1247250
4989 1247500
4990 1247750
4991 1248000
 1248000               val-mean_reward: -10.000

4992 1248250
4993 1248500
4994 1248750
4995 1249000
4996 1249250
4997 1249500
4998 1249750
4999 1250000
 1250000               val-mean_reward: -50.000

